{
  "C:\\dev\\learn\\branch-book-system\\server\\src\\app.ts": {
    "path": "C:\\dev\\learn\\branch-book-system\\server\\src\\app.ts",
    "statementMap": {
      "0": { "start": { "line": 23, "column": 8 }, "end": { "line": 23, "column": null } },
      "1": { "start": { "line": 25, "column": 2 }, "end": { "line": 25, "column": null } },
      "2": { "start": { "line": 27, "column": 2 }, "end": { "line": 27, "column": null } },
      "3": { "start": { "line": 28, "column": 2 }, "end": { "line": 28, "column": null } },
      "4": { "start": { "line": 29, "column": 2 }, "end": { "line": 29, "column": null } },
      "5": { "start": { "line": 31, "column": 2 }, "end": { "line": 36, "column": null } },
      "6": { "start": { "line": 38, "column": 2 }, "end": { "line": 38, "column": null } },
      "7": { "start": { "line": 39, "column": 2 }, "end": { "line": 39, "column": null } },
      "8": { "start": { "line": 40, "column": 2 }, "end": { "line": 40, "column": null } },
      "9": { "start": { "line": 41, "column": 2 }, "end": { "line": 47, "column": null } },
      "10": { "start": { "line": 48, "column": 2 }, "end": { "line": 48, "column": null } },
      "11": { "start": { "line": 50, "column": 2 }, "end": { "line": 50, "column": null } },
      "12": { "start": { "line": 52, "column": 2 }, "end": { "line": 52, "column": null } }
    },
    "fnMap": {
      "0": {
        "name": "createApp",
        "decl": { "start": { "line": 22, "column": 16 }, "end": { "line": 22, "column": 26 } },
        "loc": { "start": { "line": 22, "column": 52 }, "end": { "line": 53, "column": null } },
        "line": 22
      }
    },
    "branchMap": {
      "0": {
        "loc": { "start": { "line": 22, "column": 26 }, "end": { "line": 22, "column": 52 } },
        "type": "default-arg",
        "locations": [
          { "start": { "line": 22, "column": 48 }, "end": { "line": 22, "column": 52 } }
        ],
        "line": 22
      },
      "1": {
        "loc": { "start": { "line": 33, "column": 28 }, "end": { "line": 33, "column": 72 } },
        "type": "cond-expr",
        "locations": [
          { "start": { "line": 33, "column": 54 }, "end": { "line": 33, "column": 65 } },
          { "start": { "line": 33, "column": 65 }, "end": { "line": 33, "column": 72 } }
        ],
        "line": 33
      },
      "2": {
        "loc": { "start": { "line": 39, "column": 32 }, "end": { "line": 39, "column": 63 } },
        "type": "binary-expr",
        "locations": [
          { "start": { "line": 39, "column": 32 }, "end": { "line": 39, "column": 61 } },
          { "start": { "line": 39, "column": 61 }, "end": { "line": 39, "column": 63 } }
        ],
        "line": 39
      }
    },
    "s": {
      "0": 7,
      "1": 7,
      "2": 7,
      "3": 7,
      "4": 7,
      "5": 7,
      "6": 7,
      "7": 7,
      "8": 7,
      "9": 7,
      "10": 7,
      "11": 7,
      "12": 7
    },
    "f": { "0": 7 },
    "b": { "0": [7], "1": [7, 0], "2": [7, 6] },
    "meta": {
      "lastBranch": 3,
      "lastFunction": 1,
      "lastStatement": 13,
      "seen": {
        "f:22:16:22:26": 0,
        "b:22:48:22:52": 0,
        "s:23:8:23:Infinity": 0,
        "s:25:2:25:Infinity": 1,
        "s:27:2:27:Infinity": 2,
        "s:28:2:28:Infinity": 3,
        "s:29:2:29:Infinity": 4,
        "s:31:2:36:Infinity": 5,
        "b:33:54:33:65:33:65:33:72": 1,
        "s:38:2:38:Infinity": 6,
        "s:39:2:39:Infinity": 7,
        "b:39:32:39:61:39:61:39:63": 2,
        "s:40:2:40:Infinity": 8,
        "s:41:2:47:Infinity": 9,
        "s:48:2:48:Infinity": 10,
        "s:50:2:50:Infinity": 11,
        "s:52:2:52:Infinity": 12
      },
      "fnNames": {}
    }
  },
  "C:\\dev\\learn\\branch-book-system\\server\\src\\config\\env.ts": {
    "path": "C:\\dev\\learn\\branch-book-system\\server\\src\\config\\env.ts",
    "statementMap": {
      "0": { "start": { "line": 5, "column": 0 }, "end": { "line": 11, "column": null } },
      "1": { "start": { "line": 6, "column": 2 }, "end": { "line": 10, "column": null } },
      "2": { "start": { "line": 7, "column": 4 }, "end": { "line": 7, "column": null } },
      "3": { "start": { "line": 13, "column": 18 }, "end": { "line": 20, "column": null } },
      "4": { "start": { "line": 22, "column": 15 }, "end": { "line": 22, "column": null } },
      "5": { "start": { "line": 23, "column": 0 }, "end": { "line": 30, "column": null } },
      "6": { "start": { "line": 25, "column": 2 }, "end": { "line": 25, "column": null } },
      "7": { "start": { "line": 26, "column": 2 }, "end": { "line": 28, "column": null } },
      "8": { "start": { "line": 27, "column": 4 }, "end": { "line": 27, "column": null } },
      "9": { "start": { "line": 29, "column": 2 }, "end": { "line": 29, "column": null } },
      "10": { "start": { "line": 32, "column": 19 }, "end": { "line": 32, "column": null } }
    },
    "fnMap": {},
    "branchMap": {
      "0": {
        "loc": { "start": { "line": 5, "column": 0 }, "end": { "line": 11, "column": null } },
        "type": "if",
        "locations": [
          { "start": { "line": 5, "column": 0 }, "end": { "line": 11, "column": null } },
          { "start": {}, "end": {} }
        ],
        "line": 5
      },
      "1": {
        "loc": { "start": { "line": 23, "column": 0 }, "end": { "line": 30, "column": null } },
        "type": "if",
        "locations": [
          { "start": { "line": 23, "column": 0 }, "end": { "line": 30, "column": null } },
          { "start": {}, "end": {} }
        ],
        "line": 23
      }
    },
    "s": {
      "0": 4,
      "1": 4,
      "2": 4,
      "3": 4,
      "4": 4,
      "5": 4,
      "6": 0,
      "7": 0,
      "8": 0,
      "9": 0,
      "10": 4
    },
    "f": {},
    "b": { "0": [4, 0], "1": [0, 4] },
    "meta": {
      "lastBranch": 2,
      "lastFunction": 0,
      "lastStatement": 11,
      "seen": {
        "b:5:0:11:Infinity:undefined:undefined:undefined:undefined": 0,
        "s:5:0:11:Infinity": 0,
        "s:6:2:10:Infinity": 1,
        "s:7:4:7:Infinity": 2,
        "s:13:18:20:Infinity": 3,
        "s:22:15:22:Infinity": 4,
        "b:23:0:30:Infinity:undefined:undefined:undefined:undefined": 1,
        "s:23:0:30:Infinity": 5,
        "s:25:2:25:Infinity": 6,
        "s:26:2:28:Infinity": 7,
        "s:27:4:27:Infinity": 8,
        "s:29:2:29:Infinity": 9,
        "s:32:19:32:Infinity": 10
      },
      "fnNames": {}
    }
  },
  "C:\\dev\\learn\\branch-book-system\\server\\src\\generated\\prisma\\client.ts": {
    "path": "C:\\dev\\learn\\branch-book-system\\server\\src\\generated\\prisma\\client.ts",
    "statementMap": {
      "0": { "start": { "line": 24, "column": 0 }, "end": { "line": 24, "column": null } },
      "1": { "start": { "line": 16, "column": 0 }, "end": { "line": 16, "column": null } },
      "2": { "start": { "line": 40, "column": 28 }, "end": { "line": 40, "column": null } }
    },
    "fnMap": {},
    "branchMap": {},
    "s": { "0": 4, "1": 4, "2": 4 },
    "f": {},
    "b": {},
    "meta": {
      "lastBranch": 0,
      "lastFunction": 0,
      "lastStatement": 3,
      "seen": { "s:24:0:24:Infinity": 0, "s:16:0:16:Infinity": 1, "s:40:28:40:Infinity": 2 },
      "fnNames": {}
    }
  },
  "C:\\dev\\learn\\branch-book-system\\server\\src\\generated\\prisma\\enums.ts": {
    "path": "C:\\dev\\learn\\branch-book-system\\server\\src\\generated\\prisma\\enums.ts",
    "statementMap": {
      "0": { "start": { "line": 12, "column": 33 }, "end": { "line": 15, "column": null } },
      "1": { "start": { "line": 20, "column": 33 }, "end": { "line": 23, "column": null } }
    },
    "fnMap": {},
    "branchMap": {},
    "s": { "0": 4, "1": 4 },
    "f": {},
    "b": {},
    "meta": {
      "lastBranch": 0,
      "lastFunction": 0,
      "lastStatement": 2,
      "seen": { "s:12:33:15:Infinity": 0, "s:20:33:23:Infinity": 1 },
      "fnNames": {}
    }
  },
  "C:\\dev\\learn\\branch-book-system\\server\\src\\generated\\prisma\\internal\\class.ts": {
    "path": "C:\\dev\\learn\\branch-book-system\\server\\src\\generated\\prisma\\internal\\class.ts",
    "statementMap": {
      "0": { "start": { "line": 18, "column": 46 }, "end": { "line": 33, "column": null } },
      "1": { "start": { "line": 35, "column": 0 }, "end": { "line": 35, "column": null } },
      "2": { "start": { "line": 36, "column": 0 }, "end": { "line": 39, "column": null } },
      "3": { "start": { "line": 42, "column": 21 }, "end": { "line": 42, "column": null } },
      "4": { "start": { "line": 43, "column": 20 }, "end": { "line": 43, "column": null } },
      "5": { "start": { "line": 44, "column": 2 }, "end": { "line": 44, "column": null } },
      "6": { "start": { "line": 47, "column": 0 }, "end": { "line": 56, "column": null } },
      "7": { "start": { "line": 48, "column": 26 }, "end": { "line": 48, "column": null } },
      "8": { "start": { "line": 51, "column": 21 }, "end": { "line": 51, "column": null } },
      "9": { "start": { "line": 52, "column": 4 }, "end": { "line": 52, "column": null } },
      "10": { "start": { "line": 243, "column": 2 }, "end": { "line": 243, "column": null } }
    },
    "fnMap": {
      "0": {
        "name": "decodeBase64AsWasm",
        "decl": { "start": { "line": 41, "column": 15 }, "end": { "line": 41, "column": 34 } },
        "loc": { "start": { "line": 41, "column": 83 }, "end": { "line": 45, "column": null } },
        "line": 41
      },
      "1": {
        "name": "(anonymous_1)",
        "decl": { "start": { "line": 48, "column": 14 }, "end": { "line": 48, "column": 26 } },
        "loc": { "start": { "line": 48, "column": 26 }, "end": { "line": 48, "column": null } },
        "line": 48
      },
      "2": {
        "name": "(anonymous_2)",
        "decl": { "start": { "line": 50, "column": 30 }, "end": { "line": 50, "column": 42 } },
        "loc": { "start": { "line": 50, "column": 42 }, "end": { "line": 53, "column": null } },
        "line": 50
      },
      "3": {
        "name": "getPrismaClientClass",
        "decl": { "start": { "line": 242, "column": 16 }, "end": { "line": 242, "column": 64 } },
        "loc": { "start": { "line": 242, "column": 64 }, "end": { "line": 244, "column": null } },
        "line": 242
      }
    },
    "branchMap": {},
    "s": {
      "0": 4,
      "1": 4,
      "2": 4,
      "3": 4,
      "4": 4,
      "5": 4,
      "6": 4,
      "7": 4,
      "8": 4,
      "9": 4,
      "10": 4
    },
    "f": { "0": 4, "1": 4, "2": 4, "3": 4 },
    "b": {},
    "meta": {
      "lastBranch": 0,
      "lastFunction": 4,
      "lastStatement": 11,
      "seen": {
        "s:18:46:33:Infinity": 0,
        "s:35:0:35:Infinity": 1,
        "s:36:0:39:Infinity": 2,
        "f:41:15:41:34": 0,
        "s:42:21:42:Infinity": 3,
        "s:43:20:43:Infinity": 4,
        "s:44:2:44:Infinity": 5,
        "s:47:0:56:Infinity": 6,
        "f:48:14:48:26": 1,
        "s:48:26:48:Infinity": 7,
        "f:50:30:50:42": 2,
        "s:51:21:51:Infinity": 8,
        "s:52:4:52:Infinity": 9,
        "f:242:16:242:64": 3,
        "s:243:2:243:Infinity": 10
      },
      "fnNames": {}
    }
  },
  "C:\\dev\\learn\\branch-book-system\\server\\src\\generated\\prisma\\internal\\prismaNamespace.ts": {
    "path": "C:\\dev\\learn\\branch-book-system\\server\\src\\generated\\prisma\\internal\\prismaNamespace.ts",
    "statementMap": {
      "0": { "start": { "line": 32, "column": 45 }, "end": { "line": 32, "column": null } },
      "1": { "start": { "line": 35, "column": 47 }, "end": { "line": 35, "column": null } },
      "2": { "start": { "line": 38, "column": 42 }, "end": { "line": 38, "column": null } },
      "3": { "start": { "line": 41, "column": 47 }, "end": { "line": 41, "column": null } },
      "4": { "start": { "line": 44, "column": 43 }, "end": { "line": 44, "column": null } },
      "5": { "start": { "line": 50, "column": 19 }, "end": { "line": 50, "column": null } },
      "6": { "start": { "line": 51, "column": 21 }, "end": { "line": 51, "column": null } },
      "7": { "start": { "line": 52, "column": 20 }, "end": { "line": 52, "column": null } },
      "8": { "start": { "line": 53, "column": 19 }, "end": { "line": 53, "column": null } },
      "9": { "start": { "line": 54, "column": 19 }, "end": { "line": 54, "column": null } },
      "10": { "start": { "line": 62, "column": 23 }, "end": { "line": 62, "column": null } },
      "11": { "start": { "line": 71, "column": 35 }, "end": { "line": 71, "column": null } },
      "12": { "start": { "line": 86, "column": 44 }, "end": { "line": 89, "column": null } },
      "13": { "start": { "line": 104, "column": 25 }, "end": { "line": 108, "column": null } },
      "14": { "start": { "line": 114, "column": 22 }, "end": { "line": 114, "column": null } },
      "15": { "start": { "line": 121, "column": 24 }, "end": { "line": 121, "column": null } },
      "16": { "start": { "line": 128, "column": 23 }, "end": { "line": 128, "column": null } },
      "17": { "start": { "line": 399, "column": 25 }, "end": { "line": 405, "column": null } },
      "18": { "start": { "line": 823, "column": 41 }, "end": { "line": 828, "column": null } },
      "19": { "start": { "line": 833, "column": 35 }, "end": { "line": 840, "column": null } },
      "20": { "start": { "line": 845, "column": 37 }, "end": { "line": 851, "column": null } },
      "21": { "start": { "line": 856, "column": 38 }, "end": { "line": 861, "column": null } },
      "22": { "start": { "line": 866, "column": 42 }, "end": { "line": 879, "column": null } },
      "23": { "start": { "line": 884, "column": 45 }, "end": { "line": 892, "column": null } },
      "24": { "start": { "line": 897, "column": 25 }, "end": { "line": 900, "column": null } },
      "25": { "start": { "line": 905, "column": 34 }, "end": { "line": 907, "column": null } },
      "26": { "start": { "line": 912, "column": 42 }, "end": { "line": 915, "column": null } },
      "27": { "start": { "line": 920, "column": 25 }, "end": { "line": 923, "column": null } },
      "28": { "start": { "line": 928, "column": 35 }, "end": { "line": 932, "column": null } },
      "29": { "start": { "line": 937, "column": 26 }, "end": { "line": 940, "column": null } },
      "30": { "start": { "line": 1055, "column": 31 }, "end": { "line": 1055, "column": null } }
    },
    "fnMap": {},
    "branchMap": {},
    "s": {
      "0": 4,
      "1": 4,
      "2": 4,
      "3": 4,
      "4": 4,
      "5": 4,
      "6": 4,
      "7": 4,
      "8": 4,
      "9": 4,
      "10": 4,
      "11": 4,
      "12": 4,
      "13": 4,
      "14": 4,
      "15": 4,
      "16": 4,
      "17": 4,
      "18": 4,
      "19": 4,
      "20": 4,
      "21": 4,
      "22": 4,
      "23": 4,
      "24": 4,
      "25": 4,
      "26": 4,
      "27": 4,
      "28": 4,
      "29": 4,
      "30": 4
    },
    "f": {},
    "b": {},
    "meta": {
      "lastBranch": 0,
      "lastFunction": 0,
      "lastStatement": 31,
      "seen": {
        "s:32:45:32:Infinity": 0,
        "s:35:47:35:Infinity": 1,
        "s:38:42:38:Infinity": 2,
        "s:41:47:41:Infinity": 3,
        "s:44:43:44:Infinity": 4,
        "s:50:19:50:Infinity": 5,
        "s:51:21:51:Infinity": 6,
        "s:52:20:52:Infinity": 7,
        "s:53:19:53:Infinity": 8,
        "s:54:19:54:Infinity": 9,
        "s:62:23:62:Infinity": 10,
        "s:71:35:71:Infinity": 11,
        "s:86:44:89:Infinity": 12,
        "s:104:25:108:Infinity": 13,
        "s:114:22:114:Infinity": 14,
        "s:121:24:121:Infinity": 15,
        "s:128:23:128:Infinity": 16,
        "s:399:25:405:Infinity": 17,
        "s:823:41:828:Infinity": 18,
        "s:833:35:840:Infinity": 19,
        "s:845:37:851:Infinity": 20,
        "s:856:38:861:Infinity": 21,
        "s:866:42:879:Infinity": 22,
        "s:884:45:892:Infinity": 23,
        "s:897:25:900:Infinity": 24,
        "s:905:34:907:Infinity": 25,
        "s:912:42:915:Infinity": 26,
        "s:920:25:923:Infinity": 27,
        "s:928:35:932:Infinity": 28,
        "s:937:26:940:Infinity": 29,
        "s:1055:31:1055:Infinity": 30
      },
      "fnNames": {}
    }
  },
  "C:\\dev\\learn\\branch-book-system\\server\\src\\lib\\availability.ts": {
    "path": "C:\\dev\\learn\\branch-book-system\\server\\src\\lib\\availability.ts",
    "statementMap": {
      "0": { "start": { "line": 8, "column": 2 }, "end": { "line": 8, "column": null } },
      "1": { "start": { "line": 13, "column": 24 }, "end": { "line": 13, "column": null } },
      "2": { "start": { "line": 14, "column": 17 }, "end": { "line": 14, "column": null } },
      "3": { "start": { "line": 15, "column": 2 }, "end": { "line": 18, "column": null } },
      "4": { "start": { "line": 16, "column": 4 }, "end": { "line": 16, "column": null } },
      "5": { "start": { "line": 17, "column": 4 }, "end": { "line": 17, "column": null } },
      "6": { "start": { "line": 19, "column": 2 }, "end": { "line": 19, "column": null } },
      "7": { "start": { "line": 35, "column": 21 }, "end": { "line": 35, "column": null } },
      "8": { "start": { "line": 37, "column": 2 }, "end": { "line": 46, "column": null } },
      "9": { "start": { "line": 38, "column": 26 }, "end": { "line": 38, "column": 61 } },
      "10": { "start": { "line": 39, "column": 24 }, "end": { "line": 39, "column": 88 } },
      "11": { "start": { "line": 40, "column": 28 }, "end": { "line": 40, "column": 46 } },
      "12": { "start": { "line": 43, "column": 8 }, "end": { "line": 45, "column": null } },
      "13": { "start": { "line": 44, "column": 27 }, "end": { "line": 44, "column": null } }
    },
    "fnMap": {
      "0": {
        "name": "zonedWallTimeToUtc",
        "decl": { "start": { "line": 7, "column": 16 }, "end": { "line": 7, "column": 35 } },
        "loc": { "start": { "line": 7, "column": 90 }, "end": { "line": 9, "column": null } },
        "line": 7
      },
      "1": {
        "name": "timeSlots",
        "decl": { "start": { "line": 12, "column": 16 }, "end": { "line": 12, "column": 26 } },
        "loc": { "start": { "line": 12, "column": 79 }, "end": { "line": 20, "column": null } },
        "line": 12
      },
      "2": {
        "name": "findAvailableSlots",
        "decl": { "start": { "line": 28, "column": 16 }, "end": { "line": 28, "column": null } },
        "loc": { "start": { "line": 34, "column": 43 }, "end": { "line": 47, "column": null } },
        "line": 34
      },
      "3": {
        "name": "(anonymous_3)",
        "decl": { "start": { "line": 38, "column": 12 }, "end": { "line": 38, "column": 13 } },
        "loc": { "start": { "line": 38, "column": 26 }, "end": { "line": 38, "column": 61 } },
        "line": 38
      },
      "4": {
        "name": "(anonymous_4)",
        "decl": { "start": { "line": 39, "column": 9 }, "end": { "line": 39, "column": 10 } },
        "loc": { "start": { "line": 39, "column": 24 }, "end": { "line": 39, "column": 88 } },
        "line": 39
      },
      "5": {
        "name": "(anonymous_5)",
        "decl": { "start": { "line": 40, "column": 12 }, "end": { "line": 40, "column": 13 } },
        "loc": { "start": { "line": 40, "column": 28 }, "end": { "line": 40, "column": 46 } },
        "line": 40
      },
      "6": {
        "name": "(anonymous_6)",
        "decl": { "start": { "line": 42, "column": 6 }, "end": { "line": 42, "column": 7 } },
        "loc": { "start": { "line": 43, "column": 8 }, "end": { "line": 45, "column": null } },
        "line": 43
      },
      "7": {
        "name": "(anonymous_7)",
        "decl": { "start": { "line": 44, "column": 10 }, "end": { "line": 44, "column": 11 } },
        "loc": { "start": { "line": 44, "column": 27 }, "end": { "line": 44, "column": null } },
        "line": 44
      }
    },
    "branchMap": {
      "0": {
        "loc": { "start": { "line": 38, "column": 26 }, "end": { "line": 38, "column": 61 } },
        "type": "binary-expr",
        "locations": [
          { "start": { "line": 38, "column": 26 }, "end": { "line": 38, "column": 40 } },
          { "start": { "line": 38, "column": 40 }, "end": { "line": 38, "column": 61 } }
        ],
        "line": 38
      },
      "1": {
        "loc": { "start": { "line": 44, "column": 27 }, "end": { "line": 44, "column": null } },
        "type": "binary-expr",
        "locations": [
          { "start": { "line": 44, "column": 27 }, "end": { "line": 44, "column": 60 } },
          { "start": { "line": 44, "column": 60 }, "end": { "line": 44, "column": null } }
        ],
        "line": 44
      }
    },
    "s": {
      "0": 71,
      "1": 6,
      "2": 6,
      "3": 6,
      "4": 62,
      "5": 62,
      "6": 6,
      "7": 10,
      "8": 10,
      "9": 82,
      "10": 78,
      "11": 78,
      "12": 76,
      "13": 29
    },
    "f": { "0": 71, "1": 6, "2": 10, "3": 82, "4": 78, "5": 78, "6": 76, "7": 29 },
    "b": { "0": [82, 62], "1": [29, 25] },
    "meta": {
      "lastBranch": 2,
      "lastFunction": 8,
      "lastStatement": 14,
      "seen": {
        "f:7:16:7:35": 0,
        "s:8:2:8:Infinity": 0,
        "f:12:16:12:26": 1,
        "s:13:24:13:Infinity": 1,
        "s:14:17:14:Infinity": 2,
        "s:15:2:18:Infinity": 3,
        "s:16:4:16:Infinity": 4,
        "s:17:4:17:Infinity": 5,
        "s:19:2:19:Infinity": 6,
        "f:28:16:28:Infinity": 2,
        "s:35:21:35:Infinity": 7,
        "s:37:2:46:Infinity": 8,
        "f:38:12:38:13": 3,
        "s:38:26:38:61": 9,
        "b:38:26:38:40:38:40:38:61": 0,
        "f:39:9:39:10": 4,
        "s:39:24:39:88": 10,
        "f:40:12:40:13": 5,
        "s:40:28:40:46": 11,
        "f:42:6:42:7": 6,
        "s:43:8:45:Infinity": 12,
        "f:44:10:44:11": 7,
        "s:44:27:44:Infinity": 13,
        "b:44:27:44:60:44:60:44:Infinity": 1
      },
      "fnNames": {}
    }
  },
  "C:\\dev\\learn\\branch-book-system\\server\\src\\lib\\errors.ts": {
    "path": "C:\\dev\\learn\\branch-book-system\\server\\src\\lib\\errors.ts",
    "statementMap": {
      "0": { "start": { "line": 13, "column": 4 }, "end": { "line": 13, "column": null } },
      "1": { "start": { "line": 8, "column": 13 }, "end": { "line": 8, "column": null } },
      "2": { "start": { "line": 9, "column": 13 }, "end": { "line": 9, "column": null } },
      "3": { "start": { "line": 11, "column": 13 }, "end": { "line": 11, "column": null } },
      "4": { "start": { "line": 14, "column": 4 }, "end": { "line": 14, "column": null } },
      "5": { "start": { "line": 20, "column": 4 }, "end": { "line": 20, "column": null } },
      "6": { "start": { "line": 26, "column": 4 }, "end": { "line": 26, "column": null } },
      "7": { "start": { "line": 32, "column": 4 }, "end": { "line": 32, "column": null } },
      "8": { "start": { "line": 38, "column": 4 }, "end": { "line": 38, "column": null } }
    },
    "fnMap": {
      "0": {
        "name": "constructor",
        "decl": { "start": { "line": 7, "column": 2 }, "end": { "line": 7, "column": null } },
        "loc": { "start": { "line": 12, "column": 4 }, "end": { "line": 15, "column": null } },
        "line": 12
      },
      "1": {
        "name": "constructor_2",
        "decl": { "start": { "line": 19, "column": 2 }, "end": { "line": 19, "column": 14 } },
        "loc": { "start": { "line": 19, "column": 74 }, "end": { "line": 21, "column": null } },
        "line": 19
      },
      "2": {
        "name": "constructor_3",
        "decl": { "start": { "line": 25, "column": 2 }, "end": { "line": 25, "column": 14 } },
        "loc": { "start": { "line": 25, "column": 66 }, "end": { "line": 27, "column": null } },
        "line": 25
      },
      "3": {
        "name": "constructor_4",
        "decl": { "start": { "line": 31, "column": 2 }, "end": { "line": 31, "column": 14 } },
        "loc": { "start": { "line": 31, "column": 45 }, "end": { "line": 33, "column": null } },
        "line": 31
      },
      "4": {
        "name": "constructor_5",
        "decl": { "start": { "line": 37, "column": 2 }, "end": { "line": 37, "column": 14 } },
        "loc": { "start": { "line": 37, "column": 45 }, "end": { "line": 39, "column": null } },
        "line": 37
      }
    },
    "branchMap": {
      "0": {
        "loc": { "start": { "line": 19, "column": 14 }, "end": { "line": 19, "column": 51 } },
        "type": "default-arg",
        "locations": [
          { "start": { "line": 19, "column": 24 }, "end": { "line": 19, "column": 51 } }
        ],
        "line": 19
      },
      "1": {
        "loc": { "start": { "line": 19, "column": 51 }, "end": { "line": 19, "column": 74 } },
        "type": "default-arg",
        "locations": [
          { "start": { "line": 19, "column": 58 }, "end": { "line": 19, "column": 74 } }
        ],
        "line": 19
      },
      "2": {
        "loc": { "start": { "line": 25, "column": 14 }, "end": { "line": 25, "column": 46 } },
        "type": "default-arg",
        "locations": [
          { "start": { "line": 25, "column": 24 }, "end": { "line": 25, "column": 46 } }
        ],
        "line": 25
      },
      "3": {
        "loc": { "start": { "line": 25, "column": 46 }, "end": { "line": 25, "column": 66 } },
        "type": "default-arg",
        "locations": [
          { "start": { "line": 25, "column": 53 }, "end": { "line": 25, "column": 66 } }
        ],
        "line": 25
      }
    },
    "s": { "0": 20, "1": 20, "2": 20, "3": 20, "4": 20, "5": 6, "6": 7, "7": 3, "8": 4 },
    "f": { "0": 20, "1": 6, "2": 7, "3": 3, "4": 4 },
    "b": { "0": [6], "1": [6], "2": [7], "3": [7] },
    "meta": {
      "lastBranch": 4,
      "lastFunction": 5,
      "lastStatement": 9,
      "seen": {
        "f:7:2:7:Infinity": 0,
        "s:13:4:13:Infinity": 0,
        "s:8:13:8:Infinity": 1,
        "s:9:13:9:Infinity": 2,
        "s:11:13:11:Infinity": 3,
        "s:14:4:14:Infinity": 4,
        "f:19:2:19:14": 1,
        "b:19:24:19:51": 0,
        "b:19:58:19:74": 1,
        "s:20:4:20:Infinity": 5,
        "f:25:2:25:14": 2,
        "b:25:24:25:46": 2,
        "b:25:53:25:66": 3,
        "s:26:4:26:Infinity": 6,
        "f:31:2:31:14": 3,
        "s:32:4:32:Infinity": 7,
        "f:37:2:37:14": 4,
        "s:38:4:38:Infinity": 8
      },
      "fnNames": {}
    }
  },
  "C:\\dev\\learn\\branch-book-system\\server\\src\\lib\\idempotency.ts": {
    "path": "C:\\dev\\learn\\branch-book-system\\server\\src\\lib\\idempotency.ts",
    "statementMap": {
      "0": { "start": { "line": 23, "column": 27 }, "end": { "line": 23, "column": null } },
      "1": { "start": { "line": 35, "column": 20 }, "end": { "line": 35, "column": null } },
      "2": { "start": { "line": 36, "column": 2 }, "end": { "line": 36, "column": null } },
      "3": { "start": { "line": 40, "column": 2 }, "end": { "line": 41, "column": null } },
      "4": { "start": { "line": 56, "column": 2 }, "end": { "line": 58, "column": null } },
      "5": { "start": { "line": 57, "column": 4 }, "end": { "line": 57, "column": null } },
      "6": { "start": { "line": 60, "column": 2 }, "end": { "line": 106, "column": null } },
      "7": { "start": { "line": 60, "column": 21 }, "end": { "line": 60, "column": 24 } },
      "8": { "start": { "line": 61, "column": 4 }, "end": { "line": 87, "column": null } },
      "9": { "start": { "line": 62, "column": 6 }, "end": { "line": 62, "column": null } },
      "10": { "start": { "line": 64, "column": 6 }, "end": { "line": 64, "column": null } },
      "11": { "start": { "line": 64, "column": 37 }, "end": { "line": 64, "column": null } },
      "12": { "start": { "line": 67, "column": 23 }, "end": { "line": 67, "column": null } },
      "13": { "start": { "line": 68, "column": 6 }, "end": { "line": 68, "column": null } },
      "14": { "start": { "line": 68, "column": 21 }, "end": { "line": 68, "column": null } },
      "15": { "start": { "line": 70, "column": 6 }, "end": { "line": 75, "column": null } },
      "16": { "start": { "line": 71, "column": 8 }, "end": { "line": 74, "column": null } },
      "17": { "start": { "line": 76, "column": 6 }, "end": { "line": 82, "column": null } },
      "18": { "start": { "line": 77, "column": 8 }, "end": { "line": 81, "column": null } },
      "19": { "start": { "line": 83, "column": 6 }, "end": { "line": 86, "column": null } },
      "20": { "start": { "line": 90, "column": 4 }, "end": { "line": 105, "column": null } },
      "21": { "start": { "line": 91, "column": 20 }, "end": { "line": 91, "column": null } },
      "22": { "start": { "line": 94, "column": 34 }, "end": { "line": 94, "column": null } },
      "23": { "start": { "line": 95, "column": 27 }, "end": { "line": 95, "column": null } },
      "24": { "start": { "line": 96, "column": 6 }, "end": { "line": 99, "column": null } },
      "25": { "start": { "line": 100, "column": 6 }, "end": { "line": 100, "column": null } },
      "26": { "start": { "line": 103, "column": 6 }, "end": { "line": 103, "column": null } },
      "27": { "start": { "line": 103, "column": 73 }, "end": { "line": 103, "column": 82 } },
      "28": { "start": { "line": 104, "column": 6 }, "end": { "line": 104, "column": null } },
      "29": { "start": { "line": 108, "column": 2 }, "end": { "line": 111, "column": null } }
    },
    "fnMap": {
      "0": {
        "name": "fingerprintRequest",
        "decl": { "start": { "line": 34, "column": 16 }, "end": { "line": 34, "column": 35 } },
        "loc": { "start": { "line": 34, "column": 76 }, "end": { "line": 37, "column": null } },
        "line": 34
      },
      "1": {
        "name": "isUniqueViolation",
        "decl": { "start": { "line": 39, "column": 9 }, "end": { "line": 39, "column": 27 } },
        "loc": { "start": { "line": 39, "column": 52 }, "end": { "line": 43, "column": null } },
        "line": 39
      },
      "2": {
        "name": "runIdempotent",
        "decl": { "start": { "line": 49, "column": 22 }, "end": { "line": 49, "column": null } },
        "loc": { "start": { "line": 55, "column": 32 }, "end": { "line": 112, "column": null } },
        "line": 55
      },
      "3": {
        "name": "(anonymous_3)",
        "decl": { "start": { "line": 103, "column": 67 }, "end": { "line": 103, "column": 73 } },
        "loc": { "start": { "line": 103, "column": 73 }, "end": { "line": 103, "column": 82 } },
        "line": 103
      }
    },
    "branchMap": {
      "0": {
        "loc": { "start": { "line": 41, "column": 4 }, "end": { "line": 41, "column": null } },
        "type": "binary-expr",
        "locations": [
          { "start": { "line": 41, "column": 4 }, "end": { "line": 41, "column": 30 } },
          { "start": { "line": 41, "column": 30 }, "end": { "line": 41, "column": 50 } },
          { "start": { "line": 41, "column": 50 }, "end": { "line": 41, "column": null } }
        ],
        "line": 41
      },
      "1": {
        "loc": { "start": { "line": 56, "column": 2 }, "end": { "line": 58, "column": null } },
        "type": "if",
        "locations": [
          { "start": { "line": 56, "column": 2 }, "end": { "line": 58, "column": null } },
          { "start": {}, "end": {} }
        ],
        "line": 56
      },
      "2": {
        "loc": { "start": { "line": 64, "column": 6 }, "end": { "line": 64, "column": null } },
        "type": "if",
        "locations": [
          { "start": { "line": 64, "column": 6 }, "end": { "line": 64, "column": null } },
          { "start": {}, "end": {} }
        ],
        "line": 64
      },
      "3": {
        "loc": { "start": { "line": 68, "column": 6 }, "end": { "line": 68, "column": null } },
        "type": "if",
        "locations": [
          { "start": { "line": 68, "column": 6 }, "end": { "line": 68, "column": null } },
          { "start": {}, "end": {} }
        ],
        "line": 68
      },
      "4": {
        "loc": { "start": { "line": 70, "column": 6 }, "end": { "line": 75, "column": null } },
        "type": "if",
        "locations": [
          { "start": { "line": 70, "column": 6 }, "end": { "line": 75, "column": null } },
          { "start": {}, "end": {} }
        ],
        "line": 70
      },
      "5": {
        "loc": { "start": { "line": 76, "column": 6 }, "end": { "line": 82, "column": null } },
        "type": "if",
        "locations": [
          { "start": { "line": 76, "column": 6 }, "end": { "line": 82, "column": null } },
          { "start": {}, "end": {} }
        ],
        "line": 76
      },
      "6": {
        "loc": { "start": { "line": 78, "column": 18 }, "end": { "line": 78, "column": null } },
        "type": "binary-expr",
        "locations": [
          { "start": { "line": 78, "column": 18 }, "end": { "line": 78, "column": 45 } },
          { "start": { "line": 78, "column": 45 }, "end": { "line": 78, "column": null } }
        ],
        "line": 78
      }
    },
    "s": {
      "0": 4,
      "1": 20,
      "2": 20,
      "3": 3,
      "4": 20,
      "5": 14,
      "6": 6,
      "7": 6,
      "8": 6,
      "9": 6,
      "10": 3,
      "11": 0,
      "12": 3,
      "13": 3,
      "14": 0,
      "15": 3,
      "16": 1,
      "17": 2,
      "18": 2,
      "19": 0,
      "20": 3,
      "21": 3,
      "22": 3,
      "23": 3,
      "24": 3,
      "25": 3,
      "26": 0,
      "27": 0,
      "28": 0,
      "29": 0
    },
    "f": { "0": 20, "1": 3, "2": 20, "3": 0 },
    "b": {
      "0": [3, 3, 3],
      "1": [14, 6],
      "2": [0, 3],
      "3": [0, 3],
      "4": [1, 2],
      "5": [2, 0],
      "6": [2, 0]
    },
    "meta": {
      "lastBranch": 7,
      "lastFunction": 4,
      "lastStatement": 30,
      "seen": {
        "s:23:27:23:Infinity": 0,
        "f:34:16:34:35": 0,
        "s:35:20:35:Infinity": 1,
        "s:36:2:36:Infinity": 2,
        "f:39:9:39:27": 1,
        "s:40:2:41:Infinity": 3,
        "b:41:4:41:30:41:30:41:50:41:50:41:Infinity": 0,
        "f:49:22:49:Infinity": 2,
        "b:56:2:58:Infinity:undefined:undefined:undefined:undefined": 1,
        "s:56:2:58:Infinity": 4,
        "s:57:4:57:Infinity": 5,
        "s:60:2:106:Infinity": 6,
        "s:60:21:60:24": 7,
        "s:61:4:87:Infinity": 8,
        "s:62:6:62:Infinity": 9,
        "b:64:6:64:Infinity:undefined:undefined:undefined:undefined": 2,
        "s:64:6:64:Infinity": 10,
        "s:64:37:64:Infinity": 11,
        "s:67:23:67:Infinity": 12,
        "b:68:6:68:Infinity:undefined:undefined:undefined:undefined": 3,
        "s:68:6:68:Infinity": 13,
        "s:68:21:68:Infinity": 14,
        "b:70:6:75:Infinity:undefined:undefined:undefined:undefined": 4,
        "s:70:6:75:Infinity": 15,
        "s:71:8:74:Infinity": 16,
        "b:76:6:82:Infinity:undefined:undefined:undefined:undefined": 5,
        "s:76:6:82:Infinity": 17,
        "s:77:8:81:Infinity": 18,
        "b:78:18:78:45:78:45:78:Infinity": 6,
        "s:83:6:86:Infinity": 19,
        "s:90:4:105:Infinity": 20,
        "s:91:20:91:Infinity": 21,
        "s:94:34:94:Infinity": 22,
        "s:95:27:95:Infinity": 23,
        "s:96:6:99:Infinity": 24,
        "s:100:6:100:Infinity": 25,
        "s:103:6:103:Infinity": 26,
        "f:103:67:103:73": 3,
        "s:103:73:103:82": 27,
        "s:104:6:104:Infinity": 28,
        "s:108:2:111:Infinity": 29
      },
      "fnNames": {}
    }
  },
  "C:\\dev\\learn\\branch-book-system\\server\\src\\lib\\notifications.ts": {
    "path": "C:\\dev\\learn\\branch-book-system\\server\\src\\lib\\notifications.ts",
    "statementMap": {
      "0": { "start": { "line": 21, "column": 41 }, "end": { "line": 38, "column": null } },
      "1": { "start": { "line": 24, "column": 4 }, "end": { "line": 28, "column": null } },
      "2": { "start": { "line": 32, "column": 4 }, "end": { "line": 36, "column": null } }
    },
    "fnMap": {
      "0": {
        "name": "sendBookingConfirmation",
        "decl": { "start": { "line": 23, "column": 8 }, "end": { "line": 23, "column": 32 } },
        "loc": { "start": { "line": 23, "column": 35 }, "end": { "line": 29, "column": null } },
        "line": 23
      },
      "1": {
        "name": "sendBookingCancellation",
        "decl": { "start": { "line": 31, "column": 8 }, "end": { "line": 31, "column": 32 } },
        "loc": { "start": { "line": 31, "column": 35 }, "end": { "line": 37, "column": null } },
        "line": 31
      }
    },
    "branchMap": {},
    "s": { "0": 4, "1": 12, "2": 3 },
    "f": { "0": 12, "1": 3 },
    "b": {},
    "meta": {
      "lastBranch": 0,
      "lastFunction": 2,
      "lastStatement": 3,
      "seen": {
        "s:21:41:38:Infinity": 0,
        "f:23:8:23:32": 0,
        "s:24:4:28:Infinity": 1,
        "f:31:8:31:32": 1,
        "s:32:4:36:Infinity": 2
      },
      "fnNames": {}
    }
  },
  "C:\\dev\\learn\\branch-book-system\\server\\src\\lib\\prisma.ts": {
    "path": "C:\\dev\\learn\\branch-book-system\\server\\src\\lib\\prisma.ts",
    "statementMap": {
      "0": { "start": { "line": 6, "column": 16 }, "end": { "line": 6, "column": null } },
      "1": { "start": { "line": 8, "column": 22 }, "end": { "line": 8, "column": null } }
    },
    "fnMap": {},
    "branchMap": {},
    "s": { "0": 4, "1": 4 },
    "f": {},
    "b": {},
    "meta": {
      "lastBranch": 0,
      "lastFunction": 0,
      "lastStatement": 2,
      "seen": { "s:6:16:6:Infinity": 0, "s:8:22:8:Infinity": 1 },
      "fnNames": {}
    }
  },
  "C:\\dev\\learn\\branch-book-system\\server\\src\\lib\\reference.ts": {
    "path": "C:\\dev\\learn\\branch-book-system\\server\\src\\lib\\reference.ts",
    "statementMap": {
      "0": { "start": { "line": 6, "column": 27 }, "end": { "line": 6, "column": null } },
      "1": { "start": { "line": 7, "column": 25 }, "end": { "line": 7, "column": null } },
      "2": { "start": { "line": 10, "column": 8 }, "end": { "line": 10, "column": null } },
      "3": { "start": { "line": 11, "column": 13 }, "end": { "line": 11, "column": null } },
      "4": { "start": { "line": 12, "column": 2 }, "end": { "line": 14, "column": null } },
      "5": { "start": { "line": 13, "column": 4 }, "end": { "line": 13, "column": null } },
      "6": { "start": { "line": 15, "column": 2 }, "end": { "line": 15, "column": null } }
    },
    "fnMap": {
      "0": {
        "name": "generateReference",
        "decl": { "start": { "line": 9, "column": 16 }, "end": { "line": 9, "column": 44 } },
        "loc": { "start": { "line": 9, "column": 44 }, "end": { "line": 16, "column": null } },
        "line": 9
      }
    },
    "branchMap": {},
    "s": { "0": 4, "1": 4, "2": 14, "3": 14, "4": 14, "5": 140, "6": 14 },
    "f": { "0": 14 },
    "b": {},
    "meta": {
      "lastBranch": 0,
      "lastFunction": 1,
      "lastStatement": 7,
      "seen": {
        "s:6:27:6:Infinity": 0,
        "s:7:25:7:Infinity": 1,
        "f:9:16:9:44": 0,
        "s:10:8:10:Infinity": 2,
        "s:11:13:11:Infinity": 3,
        "s:12:2:14:Infinity": 4,
        "s:13:4:13:Infinity": 5,
        "s:15:2:15:Infinity": 6
      },
      "fnNames": {}
    }
  },
  "C:\\dev\\learn\\branch-book-system\\server\\src\\middleware\\auth.ts": {
    "path": "C:\\dev\\learn\\branch-book-system\\server\\src\\middleware\\auth.ts",
    "statementMap": {
      "0": { "start": { "line": 16, "column": 43 }, "end": { "line": 34, "column": null } },
      "1": { "start": { "line": 17, "column": 17 }, "end": { "line": 17, "column": null } },
      "2": { "start": { "line": 18, "column": 2 }, "end": { "line": 20, "column": null } },
      "3": { "start": { "line": 19, "column": 4 }, "end": { "line": 19, "column": null } },
      "4": { "start": { "line": 22, "column": 16 }, "end": { "line": 22, "column": null } },
      "5": { "start": { "line": 23, "column": 2 }, "end": { "line": 33, "column": null } },
      "6": { "start": { "line": 24, "column": 20 }, "end": { "line": 24, "column": null } },
      "7": { "start": { "line": 25, "column": 4 }, "end": { "line": 27, "column": null } },
      "8": { "start": { "line": 26, "column": 6 }, "end": { "line": 26, "column": null } },
      "9": { "start": { "line": 28, "column": 4 }, "end": { "line": 28, "column": null } },
      "10": { "start": { "line": 29, "column": 4 }, "end": { "line": 29, "column": null } },
      "11": { "start": { "line": 31, "column": 4 }, "end": { "line": 31, "column": null } },
      "12": { "start": { "line": 31, "column": 42 }, "end": { "line": 31, "column": null } },
      "13": { "start": { "line": 32, "column": 4 }, "end": { "line": 32, "column": null } },
      "14": { "start": { "line": 38, "column": 2 }, "end": { "line": 38, "column": null } },
      "15": { "start": { "line": 38, "column": 15 }, "end": { "line": 38, "column": null } },
      "16": { "start": { "line": 39, "column": 2 }, "end": { "line": 39, "column": null } }
    },
    "fnMap": {
      "0": {
        "name": "(anonymous_0)",
        "decl": { "start": { "line": 16, "column": 43 }, "end": { "line": 16, "column": 44 } },
        "loc": { "start": { "line": 16, "column": 64 }, "end": { "line": 34, "column": null } },
        "line": 16
      },
      "1": {
        "name": "authedUserId",
        "decl": { "start": { "line": 37, "column": 16 }, "end": { "line": 37, "column": 29 } },
        "loc": { "start": { "line": 37, "column": 65 }, "end": { "line": 40, "column": null } },
        "line": 37
      }
    },
    "branchMap": {
      "0": {
        "loc": { "start": { "line": 18, "column": 2 }, "end": { "line": 20, "column": null } },
        "type": "if",
        "locations": [
          { "start": { "line": 18, "column": 2 }, "end": { "line": 20, "column": null } },
          { "start": {}, "end": {} }
        ],
        "line": 18
      },
      "1": {
        "loc": { "start": { "line": 25, "column": 4 }, "end": { "line": 27, "column": null } },
        "type": "if",
        "locations": [
          { "start": { "line": 25, "column": 4 }, "end": { "line": 27, "column": null } },
          { "start": {}, "end": {} }
        ],
        "line": 25
      },
      "2": {
        "loc": { "start": { "line": 25, "column": 8 }, "end": { "line": 25, "column": 72 } },
        "type": "binary-expr",
        "locations": [
          { "start": { "line": 25, "column": 8 }, "end": { "line": 25, "column": 39 } },
          { "start": { "line": 25, "column": 39 }, "end": { "line": 25, "column": 72 } }
        ],
        "line": 25
      },
      "3": {
        "loc": { "start": { "line": 31, "column": 4 }, "end": { "line": 31, "column": null } },
        "type": "if",
        "locations": [
          { "start": { "line": 31, "column": 4 }, "end": { "line": 31, "column": null } },
          { "start": {}, "end": {} }
        ],
        "line": 31
      },
      "4": {
        "loc": { "start": { "line": 38, "column": 2 }, "end": { "line": 38, "column": null } },
        "type": "if",
        "locations": [
          { "start": { "line": 38, "column": 2 }, "end": { "line": 38, "column": null } },
          { "start": {}, "end": {} }
        ],
        "line": 38
      }
    },
    "s": {
      "0": 4,
      "1": 8,
      "2": 8,
      "3": 3,
      "4": 5,
      "5": 5,
      "6": 5,
      "7": 5,
      "8": 0,
      "9": 4,
      "10": 4,
      "11": 1,
      "12": 0,
      "13": 1,
      "14": 4,
      "15": 0,
      "16": 4
    },
    "f": { "0": 8, "1": 4 },
    "b": { "0": [3, 5], "1": [0, 5], "2": [5, 4], "3": [0, 1], "4": [0, 4] },
    "meta": {
      "lastBranch": 5,
      "lastFunction": 2,
      "lastStatement": 17,
      "seen": {
        "s:16:43:34:Infinity": 0,
        "f:16:43:16:44": 0,
        "s:17:17:17:Infinity": 1,
        "b:18:2:20:Infinity:undefined:undefined:undefined:undefined": 0,
        "s:18:2:20:Infinity": 2,
        "s:19:4:19:Infinity": 3,
        "s:22:16:22:Infinity": 4,
        "s:23:2:33:Infinity": 5,
        "s:24:20:24:Infinity": 6,
        "b:25:4:27:Infinity:undefined:undefined:undefined:undefined": 1,
        "s:25:4:27:Infinity": 7,
        "b:25:8:25:39:25:39:25:72": 2,
        "s:26:6:26:Infinity": 8,
        "s:28:4:28:Infinity": 9,
        "s:29:4:29:Infinity": 10,
        "b:31:4:31:Infinity:undefined:undefined:undefined:undefined": 3,
        "s:31:4:31:Infinity": 11,
        "s:31:42:31:Infinity": 12,
        "s:32:4:32:Infinity": 13,
        "f:37:16:37:29": 1,
        "b:38:2:38:Infinity:undefined:undefined:undefined:undefined": 4,
        "s:38:2:38:Infinity": 14,
        "s:38:15:38:Infinity": 15,
        "s:39:2:39:Infinity": 16
      },
      "fnNames": {}
    }
  },
  "C:\\dev\\learn\\branch-book-system\\server\\src\\middleware\\error-handler.ts": {
    "path": "C:\\dev\\learn\\branch-book-system\\server\\src\\middleware\\error-handler.ts",
    "statementMap": {
      "0": { "start": { "line": 6, "column": 49 }, "end": { "line": 23, "column": null } },
      "1": { "start": { "line": 7, "column": 2 }, "end": { "line": 12, "column": null } },
      "2": { "start": { "line": 8, "column": 4 }, "end": { "line": 10, "column": null } },
      "3": { "start": { "line": 11, "column": 4 }, "end": { "line": 11, "column": null } },
      "4": { "start": { "line": 14, "column": 2 }, "end": { "line": 19, "column": null } },
      "5": { "start": { "line": 15, "column": 4 }, "end": { "line": 17, "column": null } },
      "6": { "start": { "line": 18, "column": 4 }, "end": { "line": 18, "column": null } },
      "7": { "start": { "line": 21, "column": 2 }, "end": { "line": 21, "column": null } },
      "8": { "start": { "line": 22, "column": 2 }, "end": { "line": 22, "column": null } }
    },
    "fnMap": {
      "0": {
        "name": "(anonymous_0)",
        "decl": { "start": { "line": 6, "column": 49 }, "end": { "line": 6, "column": 50 } },
        "loc": { "start": { "line": 6, "column": 75 }, "end": { "line": 23, "column": null } },
        "line": 6
      }
    },
    "branchMap": {
      "0": {
        "loc": { "start": { "line": 7, "column": 2 }, "end": { "line": 12, "column": null } },
        "type": "if",
        "locations": [
          { "start": { "line": 7, "column": 2 }, "end": { "line": 12, "column": null } },
          { "start": {}, "end": {} }
        ],
        "line": 7
      },
      "1": {
        "loc": { "start": { "line": 14, "column": 2 }, "end": { "line": 19, "column": null } },
        "type": "if",
        "locations": [
          { "start": { "line": 14, "column": 2 }, "end": { "line": 19, "column": null } },
          { "start": {}, "end": {} }
        ],
        "line": 14
      }
    },
    "s": { "0": 4, "1": 22, "2": 20, "3": 20, "4": 2, "5": 2, "6": 2, "7": 0, "8": 22 },
    "f": { "0": 22 },
    "b": { "0": [20, 2], "1": [2, 0] },
    "meta": {
      "lastBranch": 2,
      "lastFunction": 1,
      "lastStatement": 9,
      "seen": {
        "s:6:49:23:Infinity": 0,
        "f:6:49:6:50": 0,
        "b:7:2:12:Infinity:undefined:undefined:undefined:undefined": 0,
        "s:7:2:12:Infinity": 1,
        "s:8:4:10:Infinity": 2,
        "s:11:4:11:Infinity": 3,
        "b:14:2:19:Infinity:undefined:undefined:undefined:undefined": 1,
        "s:14:2:19:Infinity": 4,
        "s:15:4:17:Infinity": 5,
        "s:18:4:18:Infinity": 6,
        "s:21:2:21:Infinity": 7,
        "s:22:2:22:Infinity": 8
      },
      "fnNames": {}
    }
  },
  "C:\\dev\\learn\\branch-book-system\\server\\src\\routes\\appointment.routes.ts": {
    "path": "C:\\dev\\learn\\branch-book-system\\server\\src\\routes\\appointment.routes.ts",
    "statementMap": {
      "0": { "start": { "line": 22, "column": 8 }, "end": { "line": 22, "column": null } },
      "1": { "start": { "line": 24, "column": 26 }, "end": { "line": 31, "column": null } },
      "2": { "start": { "line": 35, "column": 8 }, "end": { "line": 38, "column": null } },
      "3": { "start": { "line": 41, "column": 8 }, "end": { "line": 44, "column": null } },
      "4": { "start": { "line": 46, "column": 2 }, "end": { "line": 57, "column": null } },
      "5": { "start": { "line": 47, "column": 18 }, "end": { "line": 47, "column": null } },
      "6": { "start": { "line": 50, "column": 19 }, "end": { "line": 50, "column": null } },
      "7": { "start": { "line": 51, "column": 27 }, "end": { "line": 51, "column": null } },
      "8": { "start": { "line": 53, "column": 19 }, "end": { "line": 55, "column": null } },
      "9": { "start": { "line": 54, "column": 6 }, "end": { "line": 54, "column": null } },
      "10": { "start": { "line": 56, "column": 4 }, "end": { "line": 56, "column": null } },
      "11": { "start": { "line": 59, "column": 2 }, "end": { "line": 63, "column": null } },
      "12": { "start": { "line": 60, "column": 26 }, "end": { "line": 60, "column": null } },
      "13": { "start": { "line": 61, "column": 24 }, "end": { "line": 61, "column": null } },
      "14": { "start": { "line": 62, "column": 4 }, "end": { "line": 62, "column": null } },
      "15": { "start": { "line": 65, "column": 2 }, "end": { "line": 69, "column": null } },
      "16": { "start": { "line": 66, "column": 26 }, "end": { "line": 66, "column": null } },
      "17": { "start": { "line": 67, "column": 24 }, "end": { "line": 67, "column": null } },
      "18": { "start": { "line": 68, "column": 4 }, "end": { "line": 68, "column": null } },
      "19": { "start": { "line": 71, "column": 2 }, "end": { "line": 71, "column": null } }
    },
    "fnMap": {
      "0": {
        "name": "appointmentRouter",
        "decl": { "start": { "line": 21, "column": 16 }, "end": { "line": 21, "column": 34 } },
        "loc": { "start": { "line": 21, "column": 74 }, "end": { "line": 72, "column": null } },
        "line": 21
      },
      "1": {
        "name": "(anonymous_1)",
        "decl": { "start": { "line": 46, "column": 47 }, "end": { "line": 46, "column": 54 } },
        "loc": { "start": { "line": 46, "column": 67 }, "end": { "line": 57, "column": 3 } },
        "line": 46
      },
      "2": {
        "name": "(anonymous_2)",
        "decl": { "start": { "line": 53, "column": 95 }, "end": { "line": 53, "column": null } },
        "loc": { "start": { "line": 54, "column": 6 }, "end": { "line": 54, "column": null } },
        "line": 54
      },
      "3": {
        "name": "(anonymous_3)",
        "decl": { "start": { "line": 59, "column": 56 }, "end": { "line": 59, "column": 63 } },
        "loc": { "start": { "line": 59, "column": 76 }, "end": { "line": 63, "column": 3 } },
        "line": 59
      },
      "4": {
        "name": "(anonymous_4)",
        "decl": { "start": { "line": 65, "column": 64 }, "end": { "line": 65, "column": 71 } },
        "loc": { "start": { "line": 65, "column": 84 }, "end": { "line": 69, "column": 3 } },
        "line": 65
      }
    },
    "branchMap": {
      "0": {
        "loc": { "start": { "line": 21, "column": 34 }, "end": { "line": 21, "column": 74 } },
        "type": "default-arg",
        "locations": [
          { "start": { "line": 21, "column": 70 }, "end": { "line": 21, "column": 74 } }
        ],
        "line": 21
      },
      "1": {
        "loc": { "start": { "line": 37, "column": 11 }, "end": { "line": 37, "column": null } },
        "type": "binary-expr",
        "locations": [
          { "start": { "line": 37, "column": 11 }, "end": { "line": 37, "column": 42 } },
          { "start": { "line": 37, "column": 42 }, "end": { "line": 37, "column": null } }
        ],
        "line": 37
      },
      "2": {
        "loc": { "start": { "line": 43, "column": 11 }, "end": { "line": 43, "column": null } },
        "type": "binary-expr",
        "locations": [
          { "start": { "line": 43, "column": 11 }, "end": { "line": 43, "column": 41 } },
          { "start": { "line": 43, "column": 41 }, "end": { "line": 43, "column": null } }
        ],
        "line": 43
      },
      "3": {
        "loc": { "start": { "line": 51, "column": 27 }, "end": { "line": 51, "column": null } },
        "type": "cond-expr",
        "locations": [
          { "start": { "line": 51, "column": 50 }, "end": { "line": 51, "column": 62 } },
          { "start": { "line": 51, "column": 62 }, "end": { "line": 51, "column": null } }
        ],
        "line": 51
      }
    },
    "s": {
      "0": 7,
      "1": 7,
      "2": 7,
      "3": 7,
      "4": 7,
      "5": 21,
      "6": 21,
      "7": 21,
      "8": 21,
      "9": 17,
      "10": 14,
      "11": 7,
      "12": 3,
      "13": 3,
      "14": 1,
      "15": 7,
      "16": 5,
      "17": 5,
      "18": 2,
      "19": 7
    },
    "f": { "0": 7, "1": 21, "2": 17, "3": 3, "4": 5 },
    "b": { "0": [7], "1": [7, 6], "2": [7, 6], "3": [14, 6] },
    "meta": {
      "lastBranch": 4,
      "lastFunction": 5,
      "lastStatement": 20,
      "seen": {
        "f:21:16:21:34": 0,
        "b:21:70:21:74": 0,
        "s:22:8:22:Infinity": 0,
        "s:24:26:31:Infinity": 1,
        "s:35:8:38:Infinity": 2,
        "b:37:11:37:42:37:42:37:Infinity": 1,
        "s:41:8:44:Infinity": 3,
        "b:43:11:43:41:43:41:43:Infinity": 2,
        "s:46:2:57:Infinity": 4,
        "f:46:47:46:54": 1,
        "s:47:18:47:Infinity": 5,
        "s:50:19:50:Infinity": 6,
        "s:51:27:51:Infinity": 7,
        "b:51:50:51:62:51:62:51:Infinity": 3,
        "s:53:19:55:Infinity": 8,
        "f:53:95:53:Infinity": 2,
        "s:54:6:54:Infinity": 9,
        "s:56:4:56:Infinity": 10,
        "s:59:2:63:Infinity": 11,
        "f:59:56:59:63": 3,
        "s:60:26:60:Infinity": 12,
        "s:61:24:61:Infinity": 13,
        "s:62:4:62:Infinity": 14,
        "s:65:2:69:Infinity": 15,
        "f:65:64:65:71": 4,
        "s:66:26:66:Infinity": 16,
        "s:67:24:67:Infinity": 17,
        "s:68:4:68:Infinity": 18,
        "s:71:2:71:Infinity": 19
      },
      "fnNames": {}
    }
  },
  "C:\\dev\\learn\\branch-book-system\\server\\src\\routes\\auth.routes.ts": {
    "path": "C:\\dev\\learn\\branch-book-system\\server\\src\\routes\\auth.routes.ts",
    "statementMap": {
      "0": { "start": { "line": 9, "column": 8 }, "end": { "line": 9, "column": null } },
      "1": { "start": { "line": 11, "column": 8 }, "end": { "line": 19, "column": null } },
      "2": { "start": { "line": 21, "column": 2 }, "end": { "line": 25, "column": null } },
      "3": { "start": { "line": 22, "column": 32 }, "end": { "line": 22, "column": null } },
      "4": { "start": { "line": 23, "column": 19 }, "end": { "line": 23, "column": null } },
      "5": { "start": { "line": 24, "column": 4 }, "end": { "line": 24, "column": null } },
      "6": { "start": { "line": 27, "column": 2 }, "end": { "line": 30, "column": null } },
      "7": { "start": { "line": 28, "column": 17 }, "end": { "line": 28, "column": null } },
      "8": { "start": { "line": 29, "column": 4 }, "end": { "line": 29, "column": null } },
      "9": { "start": { "line": 32, "column": 2 }, "end": { "line": 32, "column": null } }
    },
    "fnMap": {
      "0": {
        "name": "authRouter",
        "decl": { "start": { "line": 8, "column": 16 }, "end": { "line": 8, "column": 27 } },
        "loc": { "start": { "line": 8, "column": 54 }, "end": { "line": 33, "column": null } },
        "line": 8
      },
      "1": {
        "name": "(anonymous_1)",
        "decl": { "start": { "line": 21, "column": 43 }, "end": { "line": 21, "column": 50 } },
        "loc": { "start": { "line": 21, "column": 63 }, "end": { "line": 25, "column": 3 } },
        "line": 21
      },
      "2": {
        "name": "(anonymous_2)",
        "decl": { "start": { "line": 27, "column": 33 }, "end": { "line": 27, "column": 40 } },
        "loc": { "start": { "line": 27, "column": 53 }, "end": { "line": 30, "column": 3 } },
        "line": 27
      }
    },
    "branchMap": {},
    "s": { "0": 7, "1": 7, "2": 7, "3": 6, "4": 6, "5": 4, "6": 7, "7": 1, "8": 1, "9": 7 },
    "f": { "0": 7, "1": 6, "2": 1 },
    "b": {},
    "meta": {
      "lastBranch": 0,
      "lastFunction": 3,
      "lastStatement": 10,
      "seen": {
        "f:8:16:8:27": 0,
        "s:9:8:9:Infinity": 0,
        "s:11:8:19:Infinity": 1,
        "s:21:2:25:Infinity": 2,
        "f:21:43:21:50": 1,
        "s:22:32:22:Infinity": 3,
        "s:23:19:23:Infinity": 4,
        "s:24:4:24:Infinity": 5,
        "s:27:2:30:Infinity": 6,
        "f:27:33:27:40": 2,
        "s:28:17:28:Infinity": 7,
        "s:29:4:29:Infinity": 8,
        "s:32:2:32:Infinity": 9
      },
      "fnNames": {}
    }
  },
  "C:\\dev\\learn\\branch-book-system\\server\\src\\routes\\branch.routes.ts": {
    "path": "C:\\dev\\learn\\branch-book-system\\server\\src\\routes\\branch.routes.ts",
    "statementMap": {
      "0": { "start": { "line": 9, "column": 8 }, "end": { "line": 9, "column": null } },
      "1": { "start": { "line": 11, "column": 2 }, "end": { "line": 14, "column": null } },
      "2": { "start": { "line": 12, "column": 19 }, "end": { "line": 12, "column": null } },
      "3": { "start": { "line": 13, "column": 4 }, "end": { "line": 13, "column": null } },
      "4": { "start": { "line": 16, "column": 2 }, "end": { "line": 21, "column": null } },
      "5": { "start": { "line": 17, "column": 19 }, "end": { "line": 17, "column": null } },
      "6": { "start": { "line": 18, "column": 18 }, "end": { "line": 18, "column": null } },
      "7": { "start": { "line": 19, "column": 19 }, "end": { "line": 19, "column": null } },
      "8": { "start": { "line": 20, "column": 4 }, "end": { "line": 20, "column": null } },
      "9": { "start": { "line": 23, "column": 2 }, "end": { "line": 23, "column": null } }
    },
    "fnMap": {
      "0": {
        "name": "branchRouter",
        "decl": { "start": { "line": 8, "column": 16 }, "end": { "line": 8, "column": 31 } },
        "loc": { "start": { "line": 8, "column": 31 }, "end": { "line": 24, "column": null } },
        "line": 8
      },
      "1": {
        "name": "(anonymous_1)",
        "decl": { "start": { "line": 11, "column": 26 }, "end": { "line": 11, "column": 33 } },
        "loc": { "start": { "line": 11, "column": 46 }, "end": { "line": 14, "column": 3 } },
        "line": 11
      },
      "2": {
        "name": "(anonymous_2)",
        "decl": { "start": { "line": 16, "column": 43 }, "end": { "line": 16, "column": 50 } },
        "loc": { "start": { "line": 16, "column": 63 }, "end": { "line": 21, "column": 3 } },
        "line": 16
      }
    },
    "branchMap": {},
    "s": { "0": 7, "1": 7, "2": 1, "3": 1, "4": 7, "5": 7, "6": 7, "7": 7, "8": 4, "9": 7 },
    "f": { "0": 7, "1": 1, "2": 7 },
    "b": {},
    "meta": {
      "lastBranch": 0,
      "lastFunction": 3,
      "lastStatement": 10,
      "seen": {
        "f:8:16:8:31": 0,
        "s:9:8:9:Infinity": 0,
        "s:11:2:14:Infinity": 1,
        "f:11:26:11:33": 1,
        "s:12:19:12:Infinity": 2,
        "s:13:4:13:Infinity": 3,
        "s:16:2:21:Infinity": 4,
        "f:16:43:16:50": 2,
        "s:17:19:17:Infinity": 5,
        "s:18:18:18:Infinity": 6,
        "s:19:19:19:Infinity": 7,
        "s:20:4:20:Infinity": 8,
        "s:23:2:23:Infinity": 9
      },
      "fnNames": {}
    }
  },
  "C:\\dev\\learn\\branch-book-system\\server\\src\\routes\\health.routes.ts": {
    "path": "C:\\dev\\learn\\branch-book-system\\server\\src\\routes\\health.routes.ts",
    "statementMap": {
      "0": { "start": { "line": 5, "column": 8 }, "end": { "line": 5, "column": null } },
      "1": { "start": { "line": 7, "column": 2 }, "end": { "line": 10, "column": null } },
      "2": { "start": { "line": 8, "column": 4 }, "end": { "line": 8, "column": null } },
      "3": { "start": { "line": 9, "column": 4 }, "end": { "line": 9, "column": null } },
      "4": { "start": { "line": 12, "column": 2 }, "end": { "line": 12, "column": null } }
    },
    "fnMap": {
      "0": {
        "name": "healthRouter",
        "decl": { "start": { "line": 4, "column": 16 }, "end": { "line": 4, "column": 31 } },
        "loc": { "start": { "line": 4, "column": 31 }, "end": { "line": 13, "column": null } },
        "line": 4
      },
      "1": {
        "name": "(anonymous_1)",
        "decl": { "start": { "line": 7, "column": 24 }, "end": { "line": 7, "column": 31 } },
        "loc": { "start": { "line": 7, "column": 45 }, "end": { "line": 10, "column": 3 } },
        "line": 7
      }
    },
    "branchMap": {},
    "s": { "0": 7, "1": 7, "2": 0, "3": 0, "4": 7 },
    "f": { "0": 7, "1": 0 },
    "b": {},
    "meta": {
      "lastBranch": 0,
      "lastFunction": 2,
      "lastStatement": 5,
      "seen": {
        "f:4:16:4:31": 0,
        "s:5:8:5:Infinity": 0,
        "s:7:2:10:Infinity": 1,
        "f:7:24:7:31": 1,
        "s:8:4:8:Infinity": 2,
        "s:9:4:9:Infinity": 3,
        "s:12:2:12:Infinity": 4
      },
      "fnNames": {}
    }
  },
  "C:\\dev\\learn\\branch-book-system\\server\\src\\routes\\staff.routes.ts": {
    "path": "C:\\dev\\learn\\branch-book-system\\server\\src\\routes\\staff.routes.ts",
    "statementMap": {
      "0": { "start": { "line": 10, "column": 8 }, "end": { "line": 10, "column": null } },
      "1": { "start": { "line": 11, "column": 2 }, "end": { "line": 11, "column": null } },
      "2": { "start": { "line": 13, "column": 2 }, "end": { "line": 17, "column": null } },
      "3": { "start": { "line": 14, "column": 21 }, "end": { "line": 14, "column": null } },
      "4": { "start": { "line": 15, "column": 21 }, "end": { "line": 15, "column": null } },
      "5": { "start": { "line": 16, "column": 4 }, "end": { "line": 16, "column": null } },
      "6": { "start": { "line": 19, "column": 2 }, "end": { "line": 27, "column": null } },
      "7": { "start": { "line": 20, "column": 19 }, "end": { "line": 20, "column": null } },
      "8": { "start": { "line": 21, "column": 24 }, "end": { "line": 25, "column": null } },
      "9": { "start": { "line": 26, "column": 4 }, "end": { "line": 26, "column": null } },
      "10": { "start": { "line": 29, "column": 2 }, "end": { "line": 29, "column": null } }
    },
    "fnMap": {
      "0": {
        "name": "staffRouter",
        "decl": { "start": { "line": 9, "column": 16 }, "end": { "line": 9, "column": 30 } },
        "loc": { "start": { "line": 9, "column": 30 }, "end": { "line": 30, "column": null } },
        "line": 9
      },
      "1": {
        "name": "(anonymous_1)",
        "decl": { "start": { "line": 13, "column": 32 }, "end": { "line": 13, "column": 39 } },
        "loc": { "start": { "line": 13, "column": 52 }, "end": { "line": 17, "column": 3 } },
        "line": 13
      },
      "2": {
        "name": "(anonymous_2)",
        "decl": { "start": { "line": 19, "column": 48 }, "end": { "line": 19, "column": 55 } },
        "loc": { "start": { "line": 19, "column": 68 }, "end": { "line": 27, "column": 3 } },
        "line": 19
      }
    },
    "branchMap": {},
    "s": {
      "0": 7,
      "1": 7,
      "2": 7,
      "3": 1,
      "4": 1,
      "5": 1,
      "6": 7,
      "7": 2,
      "8": 2,
      "9": 1,
      "10": 7
    },
    "f": { "0": 7, "1": 1, "2": 2 },
    "b": {},
    "meta": {
      "lastBranch": 0,
      "lastFunction": 3,
      "lastStatement": 11,
      "seen": {
        "f:9:16:9:30": 0,
        "s:10:8:10:Infinity": 0,
        "s:11:2:11:Infinity": 1,
        "s:13:2:17:Infinity": 2,
        "f:13:32:13:39": 1,
        "s:14:21:14:Infinity": 3,
        "s:15:21:15:Infinity": 4,
        "s:16:4:16:Infinity": 5,
        "s:19:2:27:Infinity": 6,
        "f:19:48:19:55": 2,
        "s:20:19:20:Infinity": 7,
        "s:21:24:25:Infinity": 8,
        "s:26:4:26:Infinity": 9,
        "s:29:2:29:Infinity": 10
      },
      "fnNames": {}
    }
  },
  "C:\\dev\\learn\\branch-book-system\\server\\src\\schemas\\index.ts": {
    "path": "C:\\dev\\learn\\branch-book-system\\server\\src\\schemas\\index.ts",
    "statementMap": {
      "0": { "start": { "line": 3, "column": 27 }, "end": { "line": 6, "column": null } },
      "1": { "start": { "line": 8, "column": 22 }, "end": { "line": 8, "column": null } },
      "2": { "start": { "line": 10, "column": 24 }, "end": { "line": 10, "column": null } },
      "3": { "start": { "line": 13, "column": 23 }, "end": { "line": 15, "column": null } },
      "4": { "start": { "line": 15, "column": 31 }, "end": { "line": 15, "column": 47 } },
      "5": { "start": { "line": 17, "column": 36 }, "end": { "line": 17, "column": null } },
      "6": { "start": { "line": 19, "column": 29 }, "end": { "line": 21, "column": null } },
      "7": { "start": { "line": 23, "column": 34 }, "end": { "line": 28, "column": null } },
      "8": { "start": { "line": 30, "column": 34 }, "end": { "line": 30, "column": null } },
      "9": { "start": { "line": 32, "column": 36 }, "end": { "line": 32, "column": null } },
      "10": { "start": { "line": 34, "column": 45 }, "end": { "line": 50, "column": null } },
      "11": { "start": { "line": 41, "column": 20 }, "end": { "line": 41, "column": null } },
      "12": { "start": { "line": 42, "column": 18 }, "end": { "line": 42, "column": null } },
      "13": { "start": { "line": 43, "column": 18 }, "end": { "line": 45, "column": null } },
      "14": { "start": { "line": 46, "column": 6 }, "end": { "line": 46, "column": null } },
      "15": { "start": { "line": 54, "column": 39 }, "end": { "line": 66, "column": null } },
      "16": { "start": { "line": 72, "column": 40 }, "end": { "line": 74, "column": null } },
      "17": { "start": { "line": 76, "column": 36 }, "end": { "line": 78, "column": null } },
      "18": { "start": { "line": 82, "column": 36 }, "end": { "line": 82, "column": null } }
    },
    "fnMap": {
      "0": {
        "name": "(anonymous_0)",
        "decl": { "start": { "line": 15, "column": 10 }, "end": { "line": 15, "column": 11 } },
        "loc": { "start": { "line": 15, "column": 31 }, "end": { "line": 15, "column": 47 } },
        "line": 15
      },
      "1": {
        "name": "(anonymous_1)",
        "decl": { "start": { "line": 40, "column": 4 }, "end": { "line": 40, "column": 5 } },
        "loc": { "start": { "line": 40, "column": 14 }, "end": { "line": 47, "column": null } },
        "line": 40
      }
    },
    "branchMap": {
      "0": {
        "loc": { "start": { "line": 46, "column": 13 }, "end": { "line": 46, "column": null } },
        "type": "binary-expr",
        "locations": [
          { "start": { "line": 46, "column": 13 }, "end": { "line": 46, "column": 28 } },
          { "start": { "line": 46, "column": 28 }, "end": { "line": 46, "column": null } }
        ],
        "line": 46
      }
    },
    "s": {
      "0": 4,
      "1": 4,
      "2": 4,
      "3": 4,
      "4": 136,
      "5": 4,
      "6": 4,
      "7": 4,
      "8": 4,
      "9": 4,
      "10": 4,
      "11": 7,
      "12": 7,
      "13": 7,
      "14": 7,
      "15": 4,
      "16": 4,
      "17": 4,
      "18": 4
    },
    "f": { "0": 136, "1": 7 },
    "b": { "0": [7, 6] },
    "meta": {
      "lastBranch": 1,
      "lastFunction": 2,
      "lastStatement": 19,
      "seen": {
        "s:3:27:6:Infinity": 0,
        "s:8:22:8:Infinity": 1,
        "s:10:24:10:Infinity": 2,
        "s:13:23:15:Infinity": 3,
        "f:15:10:15:11": 0,
        "s:15:31:15:47": 4,
        "s:17:36:17:Infinity": 5,
        "s:19:29:21:Infinity": 6,
        "s:23:34:28:Infinity": 7,
        "s:30:34:30:Infinity": 8,
        "s:32:36:32:Infinity": 9,
        "s:34:45:50:Infinity": 10,
        "f:40:4:40:5": 1,
        "s:41:20:41:Infinity": 11,
        "s:42:18:42:Infinity": 12,
        "s:43:18:45:Infinity": 13,
        "s:46:6:46:Infinity": 14,
        "b:46:13:46:28:46:28:46:Infinity": 0,
        "s:54:39:66:Infinity": 15,
        "s:72:40:74:Infinity": 16,
        "s:76:36:78:Infinity": 17,
        "s:82:36:82:Infinity": 18
      },
      "fnNames": {}
    }
  },
  "C:\\dev\\learn\\branch-book-system\\server\\src\\services\\appointment.service.ts": {
    "path": "C:\\dev\\learn\\branch-book-system\\server\\src\\services\\appointment.service.ts",
    "statementMap": {
      "0": { "start": { "line": 15, "column": 13 }, "end": { "line": 15, "column": null } },
      "1": { "start": { "line": 22, "column": 2 }, "end": { "line": 22, "column": null } },
      "2": { "start": { "line": 26, "column": 2 }, "end": { "line": 30, "column": null } },
      "3": { "start": { "line": 43, "column": 2 }, "end": { "line": 45, "column": null } },
      "4": { "start": { "line": 54, "column": 18 }, "end": { "line": 57, "column": null } },
      "5": { "start": { "line": 58, "column": 2 }, "end": { "line": 60, "column": null } },
      "6": { "start": { "line": 59, "column": 4 }, "end": { "line": 59, "column": null } },
      "7": { "start": { "line": 61, "column": 17 }, "end": { "line": 61, "column": null } },
      "8": { "start": { "line": 63, "column": 19 }, "end": { "line": 63, "column": null } },
      "9": { "start": { "line": 64, "column": 17 }, "end": { "line": 64, "column": null } },
      "10": { "start": { "line": 66, "column": 14 }, "end": { "line": 66, "column": null } },
      "11": { "start": { "line": 67, "column": 2 }, "end": { "line": 69, "column": null } },
      "12": { "start": { "line": 68, "column": 4 }, "end": { "line": 68, "column": null } },
      "13": { "start": { "line": 70, "column": 2 }, "end": { "line": 75, "column": null } },
      "14": { "start": { "line": 71, "column": 4 }, "end": { "line": 74, "column": null } },
      "15": { "start": { "line": 79, "column": 8 }, "end": { "line": 79, "column": null } },
      "16": { "start": { "line": 80, "column": 20 }, "end": { "line": 80, "column": null } },
      "17": { "start": { "line": 81, "column": 21 }, "end": { "line": 81, "column": null } },
      "18": { "start": { "line": 82, "column": 2 }, "end": { "line": 84, "column": null } },
      "19": { "start": { "line": 83, "column": 4 }, "end": { "line": 83, "column": null } },
      "20": { "start": { "line": 86, "column": 8 }, "end": { "line": 86, "column": null } },
      "21": { "start": { "line": 87, "column": 8 }, "end": { "line": 87, "column": null } },
      "22": { "start": { "line": 88, "column": 2 }, "end": { "line": 93, "column": null } },
      "23": { "start": { "line": 89, "column": 4 }, "end": { "line": 92, "column": null } },
      "24": { "start": { "line": 94, "column": 2 }, "end": { "line": 99, "column": null } },
      "25": { "start": { "line": 95, "column": 4 }, "end": { "line": 98, "column": null } },
      "26": { "start": { "line": 103, "column": 32 }, "end": { "line": 103, "column": null } },
      "27": { "start": { "line": 104, "column": 31 }, "end": { "line": 104, "column": null } },
      "28": { "start": { "line": 105, "column": 26 }, "end": { "line": 105, "column": null } },
      "29": { "start": { "line": 106, "column": 25 }, "end": { "line": 106, "column": null } },
      "30": { "start": { "line": 107, "column": 2 }, "end": { "line": 155, "column": null } },
      "31": { "start": { "line": 108, "column": 4 }, "end": { "line": 154, "column": null } },
      "32": { "start": { "line": 109, "column": 26 }, "end": { "line": 120, "column": null } },
      "33": { "start": { "line": 124, "column": 6 }, "end": { "line": 135, "column": null } },
      "34": { "start": { "line": 125, "column": 8 }, "end": { "line": 132, "column": null } },
      "35": { "start": { "line": 134, "column": 8 }, "end": { "line": 134, "column": null } },
      "36": { "start": { "line": 137, "column": 6 }, "end": { "line": 137, "column": null } },
      "37": { "start": { "line": 139, "column": 6 }, "end": { "line": 144, "column": null } },
      "38": { "start": { "line": 140, "column": 8 }, "end": { "line": 143, "column": null } },
      "39": { "start": { "line": 145, "column": 6 }, "end": { "line": 148, "column": null } },
      "40": { "start": { "line": 146, "column": 8 }, "end": { "line": 146, "column": null } },
      "41": { "start": { "line": 147, "column": 8 }, "end": { "line": 147, "column": null } },
      "42": { "start": { "line": 149, "column": 6 }, "end": { "line": 152, "column": null } },
      "43": { "start": { "line": 150, "column": 8 }, "end": { "line": 150, "column": null } },
      "44": { "start": { "line": 151, "column": 8 }, "end": { "line": 151, "column": null } },
      "45": { "start": { "line": 153, "column": 6 }, "end": { "line": 153, "column": null } },
      "46": { "start": { "line": 179, "column": 2 }, "end": { "line": 181, "column": null } },
      "47": { "start": { "line": 180, "column": 4 }, "end": { "line": 180, "column": null } },
      "48": { "start": { "line": 182, "column": 2 }, "end": { "line": 187, "column": null } },
      "49": { "start": { "line": 183, "column": 4 }, "end": { "line": 186, "column": null } },
      "50": { "start": { "line": 189, "column": 20 }, "end": { "line": 192, "column": null } },
      "51": { "start": { "line": 193, "column": 2 }, "end": { "line": 195, "column": null } },
      "52": { "start": { "line": 194, "column": 4 }, "end": { "line": 194, "column": null } },
      "53": { "start": { "line": 197, "column": 2 }, "end": { "line": 208, "column": null } },
      "54": { "start": { "line": 198, "column": 4 }, "end": { "line": 205, "column": null } },
      "55": { "start": { "line": 207, "column": 4 }, "end": { "line": 207, "column": null } },
      "56": { "start": { "line": 210, "column": 2 }, "end": { "line": 210, "column": null } },
      "57": { "start": { "line": 218, "column": 22 }, "end": { "line": 221, "column": null } },
      "58": { "start": { "line": 222, "column": 2 }, "end": { "line": 224, "column": null } },
      "59": { "start": { "line": 223, "column": 4 }, "end": { "line": 223, "column": null } },
      "60": { "start": { "line": 225, "column": 2 }, "end": { "line": 225, "column": null } },
      "61": { "start": { "line": 238, "column": 22 }, "end": { "line": 241, "column": null } },
      "62": { "start": { "line": 242, "column": 2 }, "end": { "line": 244, "column": null } },
      "63": { "start": { "line": 243, "column": 4 }, "end": { "line": 243, "column": null } },
      "64": { "start": { "line": 245, "column": 2 }, "end": { "line": 245, "column": null } },
      "65": { "start": { "line": 249, "column": 22 }, "end": { "line": 252, "column": null } },
      "66": { "start": { "line": 253, "column": 2 }, "end": { "line": 255, "column": null } },
      "67": { "start": { "line": 254, "column": 4 }, "end": { "line": 254, "column": null } },
      "68": { "start": { "line": 256, "column": 2 }, "end": { "line": 256, "column": null } }
    },
    "fnMap": {
      "0": {
        "name": "isOverlapViolation",
        "decl": { "start": { "line": 21, "column": 9 }, "end": { "line": 21, "column": 28 } },
        "loc": { "start": { "line": 21, "column": 53 }, "end": { "line": 23, "column": null } },
        "line": 21
      },
      "1": {
        "name": "isReferenceCollision",
        "decl": { "start": { "line": 25, "column": 9 }, "end": { "line": 25, "column": 30 } },
        "loc": { "start": { "line": 25, "column": 55 }, "end": { "line": 32, "column": null } },
        "line": 25
      },
      "2": {
        "name": "isDeadlock",
        "decl": { "start": { "line": 42, "column": 9 }, "end": { "line": 42, "column": 20 } },
        "loc": { "start": { "line": 42, "column": 45 }, "end": { "line": 47, "column": null } },
        "line": 42
      },
      "3": {
        "name": "createAppointment",
        "decl": { "start": { "line": 49, "column": 22 }, "end": { "line": 49, "column": null } },
        "loc": { "start": { "line": 53, "column": 2 }, "end": { "line": 156, "column": null } },
        "line": 53
      },
      "4": {
        "name": "cancelFetchedAppointment",
        "decl": { "start": { "line": 174, "column": 15 }, "end": { "line": 174, "column": null } },
        "loc": { "start": { "line": 178, "column": 2 }, "end": { "line": 211, "column": null } },
        "line": 178
      },
      "5": {
        "name": "cancelAppointmentByReference",
        "decl": { "start": { "line": 213, "column": 22 }, "end": { "line": 213, "column": null } },
        "loc": { "start": { "line": 217, "column": 2 }, "end": { "line": 226, "column": null } },
        "line": 217
      },
      "6": {
        "name": "cancelAppointmentForBranch",
        "decl": { "start": { "line": 232, "column": 22 }, "end": { "line": 232, "column": null } },
        "loc": { "start": { "line": 237, "column": 2 }, "end": { "line": 246, "column": null } },
        "line": 237
      },
      "7": {
        "name": "getAppointmentByReference",
        "decl": { "start": { "line": 248, "column": 22 }, "end": { "line": 248, "column": 48 } },
        "loc": { "start": { "line": 248, "column": 89 }, "end": { "line": 257, "column": null } },
        "line": 248
      }
    },
    "branchMap": {
      "0": {
        "loc": { "start": { "line": 22, "column": 9 }, "end": { "line": 22, "column": null } },
        "type": "binary-expr",
        "locations": [
          { "start": { "line": 22, "column": 9 }, "end": { "line": 22, "column": 35 } },
          { "start": { "line": 22, "column": 35 }, "end": { "line": 22, "column": null } }
        ],
        "line": 22
      },
      "1": {
        "loc": { "start": { "line": 27, "column": 4 }, "end": { "line": 30, "column": null } },
        "type": "binary-expr",
        "locations": [
          { "start": { "line": 27, "column": 4 }, "end": { "line": 27, "column": null } },
          { "start": { "line": 28, "column": 4 }, "end": { "line": 28, "column": null } },
          { "start": { "line": 29, "column": 4 }, "end": { "line": 29, "column": null } },
          { "start": { "line": 30, "column": 4 }, "end": { "line": 30, "column": null } }
        ],
        "line": 27
      },
      "2": {
        "loc": { "start": { "line": 44, "column": 4 }, "end": { "line": 45, "column": null } },
        "type": "binary-expr",
        "locations": [
          { "start": { "line": 44, "column": 4 }, "end": { "line": 44, "column": null } },
          { "start": { "line": 45, "column": 5 }, "end": { "line": 45, "column": 52 } },
          { "start": { "line": 45, "column": 52 }, "end": { "line": 45, "column": null } }
        ],
        "line": 44
      },
      "3": {
        "loc": { "start": { "line": 52, "column": 2 }, "end": { "line": 52, "column": null } },
        "type": "default-arg",
        "locations": [
          { "start": { "line": 52, "column": 23 }, "end": { "line": 52, "column": null } }
        ],
        "line": 52
      },
      "4": {
        "loc": { "start": { "line": 58, "column": 2 }, "end": { "line": 60, "column": null } },
        "type": "if",
        "locations": [
          { "start": { "line": 58, "column": 2 }, "end": { "line": 60, "column": null } },
          { "start": {}, "end": {} }
        ],
        "line": 58
      },
      "5": {
        "loc": { "start": { "line": 67, "column": 2 }, "end": { "line": 69, "column": null } },
        "type": "if",
        "locations": [
          { "start": { "line": 67, "column": 2 }, "end": { "line": 69, "column": null } },
          { "start": {}, "end": {} }
        ],
        "line": 67
      },
      "6": {
        "loc": { "start": { "line": 70, "column": 2 }, "end": { "line": 75, "column": null } },
        "type": "if",
        "locations": [
          { "start": { "line": 70, "column": 2 }, "end": { "line": 75, "column": null } },
          { "start": {}, "end": {} }
        ],
        "line": 70
      },
      "7": {
        "loc": { "start": { "line": 82, "column": 2 }, "end": { "line": 84, "column": null } },
        "type": "if",
        "locations": [
          { "start": { "line": 82, "column": 2 }, "end": { "line": 84, "column": null } },
          { "start": {}, "end": {} }
        ],
        "line": 82
      },
      "8": {
        "loc": { "start": { "line": 88, "column": 2 }, "end": { "line": 93, "column": null } },
        "type": "if",
        "locations": [
          { "start": { "line": 88, "column": 2 }, "end": { "line": 93, "column": null } },
          { "start": {}, "end": {} }
        ],
        "line": 88
      },
      "9": {
[...]
      "15": 16,
      "16": 16,
      "17": 16,
      "18": 16,
      "19": 0,
      "20": 16,
      "21": 16,
      "22": 16,
      "23": 1,
      "24": 15,
      "25": 1,
      "26": 14,
      "27": 14,
      "28": 14,
      "29": 14,
      "30": 14,
      "31": 14,
      "32": 14,
      "33": 12,
      "34": 12,
      "35": 0,
      "36": 12,
      "37": 2,
      "38": 2,
      "39": 0,
      "40": 0,
      "41": 0,
      "42": 0,
      "43": 0,
      "44": 0,
      "45": 0,
      "46": 5,
      "47": 1,
      "48": 4,
      "49": 1,
      "50": 3,
      "51": 3,
      "52": 0,
      "53": 3,
      "54": 3,
      "55": 0,
      "56": 3,
      "57": 5,
      "58": 5,
      "59": 1,
      "60": 4,
      "61": 2,
      "62": 2,
      "63": 1,
      "64": 1,
      "65": 3,
      "66": 3,
      "67": 2,
      "68": 1
    },
    "f": { "0": 2, "1": 0, "2": 0, "3": 17, "4": 5, "5": 5, "6": 2, "7": 3 },
    "b": {
      "0": [2, 2],
      "1": [0, 0, 0, 0],
      "2": [0, 0, 0],
      "3": [17],
      "4": [1, 16],
      "5": [0, 16],
      "6": [0, 16],
      "7": [0, 16],
      "8": [1, 15],
      "9": [16, 16],
      "10": [1, 14],
      "11": [14, 14],
      "12": [2, 0],
      "13": [0, 0],
      "14": [0, 0],
      "15": [0, 0],
      "16": [0, 0],
      "17": [1, 4],
      "18": [1, 3],
      "19": [0, 3],
      "20": [5],
      "21": [1, 4],
      "22": [2],
      "23": [1, 1],
      "24": [2, 1]
    },
    "meta": {
      "lastBranch": 25,
      "lastFunction": 8,
      "lastStatement": 69,
      "seen": {
        "s:15:13:15:Infinity": 0,
        "f:21:9:21:28": 0,
        "s:22:2:22:Infinity": 1,
        "b:22:9:22:35:22:35:22:Infinity": 0,
        "f:25:9:25:30": 1,
        "s:26:2:30:Infinity": 2,
        "b:27:4:27:Infinity:28:4:28:Infinity:29:4:29:Infinity:30:4:30:Infinity": 1,
        "f:42:9:42:20": 2,
        "s:43:2:45:Infinity": 3,
        "b:44:4:44:Infinity:45:5:45:52:45:52:45:Infinity": 2,
        "f:49:22:49:Infinity": 3,
        "b:52:23:52:Infinity": 3,
        "s:54:18:57:Infinity": 4,
        "b:58:2:60:Infinity:undefined:undefined:undefined:undefined": 4,
        "s:58:2:60:Infinity": 5,
        "s:59:4:59:Infinity": 6,
        "s:61:17:61:Infinity": 7,
        "s:63:19:63:Infinity": 8,
        "s:64:17:64:Infinity": 9,
        "s:66:14:66:Infinity": 10,
        "b:67:2:69:Infinity:undefined:undefined:undefined:undefined": 5,
        "s:67:2:69:Infinity": 11,
        "s:68:4:68:Infinity": 12,
        "b:70:2:75:Infinity:undefined:undefined:undefined:undefined": 6,
        "s:70:2:75:Infinity": 13,
        "s:71:4:74:Infinity": 14,
        "s:79:8:79:Infinity": 15,
        "s:80:20:80:Infinity": 16,
        "s:81:21:81:Infinity": 17,
        "b:82:2:84:Infinity:undefined:undefined:undefined:undefined": 7,
        "s:82:2:84:Infinity": 18,
        "s:83:4:83:Infinity": 19,
        "s:86:8:86:Infinity": 20,
        "s:87:8:87:Infinity": 21,
        "b:88:2:93:Infinity:undefined:undefined:undefined:undefined": 8,
        "s:88:2:93:Infinity": 22,
        "b:88:6:88:28:88:28:88:47": 9,
        "s:89:4:92:Infinity": 23,
        "b:94:2:99:Infinity:undefined:undefined:undefined:undefined": 10,
        "s:94:2:99:Infinity": 24,
        "s:95:4:98:Infinity": 25,
        "s:103:32:103:Infinity": 26,
        "s:104:31:104:Infinity": 27,
        "s:105:26:105:Infinity": 28,
        "s:106:25:106:Infinity": 29,
        "s:107:2:155:Infinity": 30,
        "s:108:4:154:Infinity": 31,
        "s:109:26:120:Infinity": 32,
        "b:116:25:116:48:116:48:116:Infinity": 11,
        "s:124:6:135:Infinity": 33,
        "s:125:8:132:Infinity": 34,
        "s:134:8:134:Infinity": 35,
        "s:137:6:137:Infinity": 36,
        "b:139:6:144:Infinity:undefined:undefined:undefined:undefined": 12,
        "s:139:6:144:Infinity": 37,
        "s:140:8:143:Infinity": 38,
        "b:145:6:148:Infinity:undefined:undefined:undefined:undefined": 13,
        "s:145:6:148:Infinity": 39,
        "b:145:10:145:31:145:31:145:72": 14,
        "s:146:8:146:Infinity": 40,
        "s:147:8:147:Infinity": 41,
        "b:149:6:152:Infinity:undefined:undefined:undefined:undefined": 15,
        "s:149:6:152:Infinity": 42,
        "b:149:10:149:41:149:41:149:84": 16,
        "s:150:8:150:Infinity": 43,
        "s:151:8:151:Infinity": 44,
        "s:153:6:153:Infinity": 45,
        "f:174:15:174:Infinity": 4,
        "b:179:2:181:Infinity:undefined:undefined:undefined:undefined": 17,
        "s:179:2:181:Infinity": 46,
        "s:180:4:180:Infinity": 47,
        "b:182:2:187:Infinity:undefined:undefined:undefined:undefined": 18,
        "s:182:2:187:Infinity": 48,
        "s:183:4:186:Infinity": 49,
        "s:189:20:192:Infinity": 50,
        "b:193:2:195:Infinity:undefined:undefined:undefined:undefined": 19,
        "s:193:2:195:Infinity": 51,
        "s:194:4:194:Infinity": 52,
        "s:197:2:208:Infinity": 53,
        "s:198:4:205:Infinity": 54,
        "s:207:4:207:Infinity": 55,
        "s:210:2:210:Infinity": 56,
        "f:213:22:213:Infinity": 5,
        "b:216:23:216:Infinity": 20,
        "s:218:22:221:Infinity": 57,
        "b:222:2:224:Infinity:undefined:undefined:undefined:undefined": 21,
        "s:222:2:224:Infinity": 58,
        "s:223:4:223:Infinity": 59,
        "s:225:2:225:Infinity": 60,
        "f:232:22:232:Infinity": 6,
        "b:236:23:236:Infinity": 22,
        "s:238:22:241:Infinity": 61,
        "b:242:2:244:Infinity:undefined:undefined:undefined:undefined": 23,
        "s:242:2:244:Infinity": 62,
        "s:243:4:243:Infinity": 63,
        "s:245:2:245:Infinity": 64,
        "f:248:22:248:48": 7,
        "s:249:22:252:Infinity": 65,
        "b:253:2:255:Infinity:undefined:undefined:undefined:undefined": 24,
        "s:253:2:255:Infinity": 66,
        "s:254:4:254:Infinity": 67,
        "s:256:2:256:Infinity": 68
      },
      "fnNames": {}
    }
  },
  "C:\\dev\\learn\\branch-book-system\\server\\src\\services\\auth.service.ts": {
    "path": "C:\\dev\\learn\\branch-book-system\\server\\src\\services\\auth.service.ts",
    "statementMap": {
      "0": { "start": { "line": 9, "column": 19 }, "end": { "line": 9, "column": null } },
      "1": { "start": { "line": 11, "column": 28 }, "end": { "line": 12, "column": null } },
      "2": { "start": { "line": 12, "column": 2 }, "end": { "line": 12, "column": null } },
      "3": { "start": { "line": 24, "column": 15 }, "end": { "line": 24, "column": null } },
      "4": { "start": { "line": 26, "column": 15 }, "end": { "line": 26, "column": null } },
      "5": { "start": { "line": 27, "column": 16 }, "end": { "line": 27, "column": null } },
      "6": { "start": { "line": 29, "column": 2 }, "end": { "line": 31, "column": null } },
      "7": { "start": { "line": 30, "column": 4 }, "end": { "line": 30, "column": null } },
      "8": { "start": { "line": 33, "column": 16 }, "end": { "line": 33, "column": null } },
      "9": { "start": { "line": 35, "column": 2 }, "end": { "line": 38, "column": null } },
      "10": { "start": { "line": 42, "column": 15 }, "end": { "line": 45, "column": null } },
      "11": { "start": { "line": 46, "column": 2 }, "end": { "line": 46, "column": null } },
      "12": { "start": { "line": 46, "column": 13 }, "end": { "line": 46, "column": null } },
      "13": { "start": { "line": 47, "column": 2 }, "end": { "line": 47, "column": null } }
    },
    "fnMap": {
      "0": {
        "name": "(anonymous_0)",
        "decl": { "start": { "line": 11, "column": 28 }, "end": { "line": 11, "column": null } },
        "loc": { "start": { "line": 12, "column": 2 }, "end": { "line": 12, "column": null } },
        "line": 12
      },
      "1": {
        "name": "login",
        "decl": { "start": { "line": 19, "column": 22 }, "end": { "line": 19, "column": null } },
        "loc": { "start": { "line": 23, "column": 24 }, "end": { "line": 39, "column": null } },
        "line": 23
      },
      "2": {
        "name": "getUser",
        "decl": { "start": { "line": 41, "column": 22 }, "end": { "line": 41, "column": 30 } },
        "loc": { "start": { "line": 41, "column": 68 }, "end": { "line": 48, "column": null } },
        "line": 41
      }
    },
    "branchMap": {
      "0": {
        "loc": { "start": { "line": 26, "column": 15 }, "end": { "line": 26, "column": null } },
        "type": "binary-expr",
        "locations": [
          { "start": { "line": 26, "column": 15 }, "end": { "line": 26, "column": 37 } },
          { "start": { "line": 26, "column": 37 }, "end": { "line": 26, "column": null } }
        ],
        "line": 26
      },
      "1": {
        "loc": { "start": { "line": 29, "column": 2 }, "end": { "line": 31, "column": null } },
        "type": "if",
        "locations": [
          { "start": { "line": 29, "column": 2 }, "end": { "line": 31, "column": null } },
          { "start": {}, "end": {} }
        ],
        "line": 29
      },
      "2": {
        "loc": { "start": { "line": 29, "column": 6 }, "end": { "line": 29, "column": 23 } },
        "type": "binary-expr",
        "locations": [
          { "start": { "line": 29, "column": 6 }, "end": { "line": 29, "column": 15 } },
          { "start": { "line": 29, "column": 15 }, "end": { "line": 29, "column": 23 } }
        ],
        "line": 29
      },
      "3": {
        "loc": { "start": { "line": 46, "column": 2 }, "end": { "line": 46, "column": null } },
        "type": "if",
        "locations": [
          { "start": { "line": 46, "column": 2 }, "end": { "line": 46, "column": null } },
          { "start": {}, "end": {} }
        ],
        "line": 46
      }
    },
    "s": {
      "0": 4,
      "1": 4,
      "2": 2,
      "3": 6,
      "4": 6,
      "5": 6,
      "6": 6,
      "7": 2,
      "8": 4,
      "9": 4,
      "10": 1,
      "11": 1,
      "12": 0,
      "13": 1
    },
    "f": { "0": 2, "1": 6, "2": 1 },
    "b": { "0": [6, 1], "1": [2, 4], "2": [6, 5], "3": [0, 1] },
    "meta": {
      "lastBranch": 4,
      "lastFunction": 3,
      "lastStatement": 14,
      "seen": {
        "s:9:19:9:Infinity": 0,
        "s:11:28:12:Infinity": 1,
        "f:11:28:11:Infinity": 0,
        "s:12:2:12:Infinity": 2,
        "f:19:22:19:Infinity": 1,
        "s:24:15:24:Infinity": 3,
        "s:26:15:26:Infinity": 4,
        "b:26:15:26:37:26:37:26:Infinity": 0,
        "s:27:16:27:Infinity": 5,
        "b:29:2:31:Infinity:undefined:undefined:undefined:undefined": 1,
        "s:29:2:31:Infinity": 6,
        "b:29:6:29:15:29:15:29:23": 2,
        "s:30:4:30:Infinity": 7,
        "s:33:16:33:Infinity": 8,
        "s:35:2:38:Infinity": 9,
        "f:41:22:41:30": 2,
        "s:42:15:45:Infinity": 10,
        "b:46:2:46:Infinity:undefined:undefined:undefined:undefined": 3,
        "s:46:2:46:Infinity": 11,
        "s:46:13:46:Infinity": 12,
        "s:47:2:47:Infinity": 13
      },
      "fnNames": {}
    }
  },
  "C:\\dev\\learn\\branch-book-system\\server\\src\\services\\branch.service.ts": {
    "path": "C:\\dev\\learn\\branch-book-system\\server\\src\\services\\branch.service.ts",
    "statementMap": {
      "0": { "start": { "line": 7, "column": 13 }, "end": { "line": 7, "column": null } },
      "1": { "start": { "line": 10, "column": 19 }, "end": { "line": 10, "column": null } },
      "2": { "start": { "line": 11, "column": 2 }, "end": { "line": 11, "column": null } },
      "3": { "start": { "line": 19, "column": 17 }, "end": { "line": 19, "column": null } },
      "4": { "start": { "line": 20, "column": 2 }, "end": { "line": 22, "column": null } },
      "5": { "start": { "line": 21, "column": 4 }, "end": { "line": 21, "column": null } },
      "6": { "start": { "line": 24, "column": 18 }, "end": { "line": 24, "column": null } },
      "7": { "start": { "line": 25, "column": 2 }, "end": { "line": 27, "column": null } },
      "8": { "start": { "line": 26, "column": 4 }, "end": { "line": 26, "column": null } },
      "9": { "start": { "line": 31, "column": 20 }, "end": { "line": 31, "column": null } },
      "10": { "start": { "line": 32, "column": 25 }, "end": { "line": 32, "column": null } },
      "11": { "start": { "line": 33, "column": 27 }, "end": { "line": 33, "column": null } },
      "12": { "start": { "line": 34, "column": 2 }, "end": { "line": 36, "column": null } },
      "13": { "start": { "line": 35, "column": 4 }, "end": { "line": 35, "column": null } },
      "14": { "start": { "line": 39, "column": 8 }, "end": { "line": 39, "column": null } },
      "15": { "start": { "line": 40, "column": 8 }, "end": { "line": 40, "column": null } },
      "16": { "start": { "line": 42, "column": 23 }, "end": { "line": 54, "column": null } },
      "17": { "start": { "line": 56, "column": 8 }, "end": { "line": 56, "column": null } },
      "18": { "start": { "line": 57, "column": 8 }, "end": { "line": 63, "column": null } },
      "19": { "start": { "line": 65, "column": 2 }, "end": { "line": 68, "column": null } },
      "20": { "start": { "line": 65, "column": 39 }, "end": { "line": 68, "column": 4 } }
    },
    "fnMap": {
      "0": {
        "name": "listBranches",
        "decl": { "start": { "line": 9, "column": 22 }, "end": { "line": 9, "column": 35 } },
        "loc": { "start": { "line": 9, "column": 57 }, "end": { "line": 12, "column": null } },
        "line": 9
      },
      "1": {
        "name": "getBranchAvailability",
        "decl": { "start": { "line": 14, "column": 22 }, "end": { "line": 14, "column": null } },
        "loc": { "start": { "line": 18, "column": 2 }, "end": { "line": 69, "column": null } },
        "line": 18
      },
      "2": {
        "name": "(anonymous_2)",
        "decl": { "start": { "line": 65, "column": 28 }, "end": { "line": 65, "column": 29 } },
        "loc": { "start": { "line": 65, "column": 39 }, "end": { "line": 68, "column": 4 } },
        "line": 65
      }
    },
    "branchMap": {
      "0": {
        "loc": { "start": { "line": 20, "column": 2 }, "end": { "line": 22, "column": null } },
        "type": "if",
        "locations": [
          { "start": { "line": 20, "column": 2 }, "end": { "line": 22, "column": null } },
          { "start": {}, "end": {} }
        ],
        "line": 20
      },
      "1": {
        "loc": { "start": { "line": 25, "column": 2 }, "end": { "line": 27, "column": null } },
        "type": "if",
        "locations": [
          { "start": { "line": 25, "column": 2 }, "end": { "line": 27, "column": null } },
          { "start": {}, "end": {} }
        ],
        "line": 25
      },
      "2": {
        "loc": { "start": { "line": 34, "column": 2 }, "end": { "line": 36, "column": null } },
        "type": "if",
        "locations": [
          { "start": { "line": 34, "column": 2 }, "end": { "line": 36, "column": null } },
          { "start": {}, "end": {} }
        ],
        "line": 34
      }
    },
    "s": {
      "0": 4,
      "1": 1,
      "2": 1,
      "3": 6,
      "4": 6,
      "5": 1,
      "6": 5,
      "7": 5,
      "8": 1,
      "9": 4,
      "10": 4,
      "11": 4,
      "12": 4,
      "13": 1,
      "14": 3,
      "15": 3,
      "16": 3,
      "17": 3,
      "18": 3,
      "19": 3,
      "20": 53
    },
    "f": { "0": 1, "1": 6, "2": 53 },
    "b": { "0": [1, 5], "1": [1, 4], "2": [1, 3] },
    "meta": {
      "lastBranch": 3,
      "lastFunction": 3,
      "lastStatement": 21,
      "seen": {
        "s:7:13:7:Infinity": 0,
        "f:9:22:9:35": 0,
        "s:10:19:10:Infinity": 1,
        "s:11:2:11:Infinity": 2,
        "f:14:22:14:Infinity": 1,
        "s:19:17:19:Infinity": 3,
        "b:20:2:22:Infinity:undefined:undefined:undefined:undefined": 0,
        "s:20:2:22:Infinity": 4,
        "s:21:4:21:Infinity": 5,
        "s:24:18:24:Infinity": 6,
        "b:25:2:27:Infinity:undefined:undefined:undefined:undefined": 1,
        "s:25:2:27:Infinity": 7,
        "s:26:4:26:Infinity": 8,
        "s:31:20:31:Infinity": 9,
        "s:32:25:32:Infinity": 10,
        "s:33:27:33:Infinity": 11,
        "b:34:2:36:Infinity:undefined:undefined:undefined:undefined": 2,
        "s:34:2:36:Infinity": 12,
        "s:35:4:35:Infinity": 13,
        "s:39:8:39:Infinity": 14,
        "s:40:8:40:Infinity": 15,
        "s:42:23:54:Infinity": 16,
        "s:56:8:56:Infinity": 17,
        "s:57:8:63:Infinity": 18,
        "s:65:2:68:Infinity": 19,
        "f:65:28:65:29": 2,
        "s:65:39:68:4": 20
      },
      "fnNames": {}
    }
  },
  "C:\\dev\\learn\\branch-book-system\\server\\src\\services\\staff.service.ts": {
    "path": "C:\\dev\\learn\\branch-book-system\\server\\src\\services\\staff.service.ts",
    "statementMap": {
      "0": { "start": { "line": 7, "column": 15 }, "end": { "line": 10, "column": null } },
      "1": { "start": { "line": 11, "column": 2 }, "end": { "line": 13, "column": null } },
      "2": { "start": { "line": 12, "column": 4 }, "end": { "line": 12, "column": null } },
      "3": { "start": { "line": 14, "column": 2 }, "end": { "line": 14, "column": null } },
      "4": { "start": { "line": 22, "column": 15 }, "end": { "line": 22, "column": null } },
      "5": { "start": { "line": 23, "column": 17 }, "end": { "line": 23, "column": null } },
      "6": { "start": { "line": 25, "column": 19 }, "end": { "line": 27, "column": null } },
      "7": { "start": { "line": 28, "column": 8 }, "end": { "line": 28, "column": null } },
      "8": { "start": { "line": 29, "column": 8 }, "end": { "line": 29, "column": null } },
      "9": { "start": { "line": 31, "column": 23 }, "end": { "line": 35, "column": null } },
      "10": { "start": { "line": 37, "column": 2 }, "end": { "line": 37, "column": null } },
      "11": { "start": { "line": 46, "column": 15 }, "end": { "line": 46, "column": null } },
      "12": { "start": { "line": 47, "column": 2 }, "end": { "line": 47, "column": null } }
    },
    "fnMap": {
      "0": {
        "name": "getStaffUser",
        "decl": { "start": { "line": 6, "column": 15 }, "end": { "line": 6, "column": 28 } },
        "loc": { "start": { "line": 6, "column": 66 }, "end": { "line": 15, "column": null } },
        "line": 6
      },
      "1": {
        "name": "getBranchSchedule",
        "decl": { "start": { "line": 21, "column": 22 }, "end": { "line": 21, "column": 40 } },
        "loc": { "start": { "line": 21, "column": 92 }, "end": { "line": 38, "column": null } },
        "line": 21
      },
      "2": {
        "name": "cancelBranchAppointment",
        "decl": { "start": { "line": 41, "column": 22 }, "end": { "line": 41, "column": null } },
        "loc": { "start": { "line": 45, "column": 2 }, "end": { "line": 48, "column": null } },
        "line": 45
      }
    },
    "branchMap": {
      "0": {
        "loc": { "start": { "line": 11, "column": 2 }, "end": { "line": 13, "column": null } },
        "type": "if",
        "locations": [
          { "start": { "line": 11, "column": 2 }, "end": { "line": 13, "column": null } },
          { "start": {}, "end": {} }
        ],
        "line": 11
      }
    },
    "s": {
      "0": 3,
      "1": 3,
      "2": 0,
      "3": 3,
      "4": 1,
      "5": 1,
      "6": 1,
      "7": 1,
      "8": 1,
      "9": 1,
      "10": 1,
      "11": 2,
      "12": 2
    },
    "f": { "0": 3, "1": 1, "2": 2 },
    "b": { "0": [0, 3] },
    "meta": {
      "lastBranch": 1,
      "lastFunction": 3,
      "lastStatement": 13,
      "seen": {
        "f:6:15:6:28": 0,
        "s:7:15:10:Infinity": 0,
        "b:11:2:13:Infinity:undefined:undefined:undefined:undefined": 0,
        "s:11:2:13:Infinity": 1,
        "s:12:4:12:Infinity": 2,
        "s:14:2:14:Infinity": 3,
        "f:21:22:21:40": 1,
        "s:22:15:22:Infinity": 4,
        "s:23:17:23:Infinity": 5,
        "s:25:19:27:Infinity": 6,
        "s:28:8:28:Infinity": 7,
        "s:29:8:29:Infinity": 8,
        "s:31:23:35:Infinity": 9,
        "s:37:2:37:Infinity": 10,
        "f:41:22:41:Infinity": 2,
        "s:46:15:46:Infinity": 11,
        "s:47:2:47:Infinity": 12
      },
      "fnNames": {}
    }
  }
}
